<?xml version="1.0" encoding="UTF-8"?>
  <testsuites tests="53" disabled="1" errors="0" failures="33" time="0.083453">
      <testsuite name="API Acceptance Test Suite" package="/Users/anoopgopalakrishnan/workspace/oss/fern/fern-platform/acceptance-go/specs/api" tests="53" disabled="0" skipped="1" errors="0" failures="33" time="0.083453" timestamp="2025-06-23T09:14:33">
          <properties>
              <property name="SuiteSucceeded" value="false"></property>
              <property name="SuiteHasProgrammaticFocus" value="false"></property>
              <property name="SpecialSuiteFailureReason" value=""></property>
              <property name="SuiteLabels" value="[]"></property>
              <property name="RandomSeed" value="1750695271"></property>
              <property name="RandomizeAllSpecs" value="false"></property>
              <property name="LabelFilter" value=""></property>
              <property name="FocusStrings" value=""></property>
              <property name="SkipStrings" value=""></property>
              <property name="FocusFiles" value=""></property>
              <property name="SkipFiles" value=""></property>
              <property name="FailOnPending" value="false"></property>
              <property name="FailOnEmpty" value="false"></property>
              <property name="FailFast" value="false"></property>
              <property name="FlakeAttempts" value="0"></property>
              <property name="DryRun" value="false"></property>
              <property name="ParallelTotal" value="4"></property>
              <property name="OutputInterceptorMode" value=""></property>
          </properties>
          <testcase name="[BeforeSuite]" classname="API Acceptance Test Suite" status="passed" time="0.007493125">
              <system-out>✅ Initialized test data manager for existing platform&#xA;</system-out>
              <system-err>&gt; Enter [BeforeSuite] TOP-LEVEL - /Users/anoopgopalakrishnan/workspace/oss/fern/fern-platform/acceptance-go/specs/api/api_suite_test.go:59 @ 06/23/25 09:14:33.2&#xA;STEP: Setting up API acceptance test suite - /Users/anoopgopalakrishnan/workspace/oss/fern/fern-platform/acceptance-go/specs/api/api_suite_test.go:60 @ 06/23/25 09:14:33.2&#xA;STEP: Connecting to existing deployed fern-platform - /Users/anoopgopalakrishnan/workspace/oss/fern/fern-platform/acceptance-go/specs/api/api_suite_test.go:74 @ 06/23/25 09:14:33.2&#xA;STEP: Waiting for existing platform to be responsive - /Users/anoopgopalakrishnan/workspace/oss/fern/fern-platform/acceptance-go/specs/api/api_suite_test.go:90 @ 06/23/25 09:14:33.2&#xA;STEP: Using existing platform data (no new test data created) - /Users/anoopgopalakrishnan/workspace/oss/fern/fern-platform/acceptance-go/specs/api/api_suite_test.go:157 @ 06/23/25 09:14:33.207&#xA;STEP: Initializing with existing platform data - /Users/anoopgopalakrishnan/workspace/oss/fern/fern-platform/acceptance-go/specs/api/api_suite_test.go:159 @ 06/23/25 09:14:33.207&#xA;STEP: ✅ API acceptance test suite setup complete - /Users/anoopgopalakrishnan/workspace/oss/fern/fern-platform/acceptance-go/specs/api/api_suite_test.go:162 @ 06/23/25 09:14:33.207&#xA;&lt; Exit [BeforeSuite] TOP-LEVEL - /Users/anoopgopalakrishnan/workspace/oss/fern/fern-platform/acceptance-go/specs/api/api_suite_test.go:59 @ 06/23/25 09:14:33.207 (7ms)&#xA;</system-err>
          </testcase>
          <testcase name="[It] GraphQL API Schema and Introspection should support proper enum types" classname="API Acceptance Test Suite" status="skipped" time="0.00489275">
              <skipped message="skipped - TestStatus enum not implemented yet"></skipped>
              <system-err>&gt; Enter [BeforeEach] GraphQL API - /Users/anoopgopalakrishnan/workspace/oss/fern/fern-platform/acceptance-go/specs/api/graphql_test.go:22 @ 06/23/25 09:14:33.208&#xA;&lt; Exit [BeforeEach] GraphQL API - /Users/anoopgopalakrishnan/workspace/oss/fern/fern-platform/acceptance-go/specs/api/graphql_test.go:22 @ 06/23/25 09:14:33.208 (0s)&#xA;&gt; Enter [It] should support proper enum types - /Users/anoopgopalakrishnan/workspace/oss/fern/fern-platform/acceptance-go/specs/api/graphql_test.go:105 @ 06/23/25 09:14:33.208&#xA;STEP: Getting TestStatus enum type - /Users/anoopgopalakrishnan/workspace/oss/fern/fern-platform/acceptance-go/specs/api/graphql_test.go:106 @ 06/23/25 09:14:33.208&#xA;[SKIPPED] TestStatus enum not implemented yet&#xA;In [It] at: /Users/anoopgopalakrishnan/workspace/oss/fern/fern-platform/acceptance-go/specs/api/graphql_test.go:119 @ 06/23/25 09:14:33.212&#xA;&lt; Exit [It] should support proper enum types - /Users/anoopgopalakrishnan/workspace/oss/fern/fern-platform/acceptance-go/specs/api/graphql_test.go:105 @ 06/23/25 09:14:33.212 (5ms)&#xA;</system-err>
          </testcase>
          <testcase name="[It] GraphQL API Test Run Queries should support pagination with cursor-based navigation" classname="API Acceptance Test Suite" status="failed" time="0.001723458">
              <failure message="Unexpected error:&#xA;    &lt;*errors.errorString | 0x14000442820&gt;: &#xA;    request failed with status 404: 404 page not found&#xA;    {&#xA;        s: &#34;request failed with status 404: 404 page not found&#34;,&#xA;    }&#xA;occurred" type="failed">[FAILED] Unexpected error:&#xA;    &lt;*errors.errorString | 0x14000442820&gt;: &#xA;    request failed with status 404: 404 page not found&#xA;    {&#xA;        s: &#34;request failed with status 404: 404 page not found&#34;,&#xA;    }&#xA;occurred&#xA;In [It] at: /Users/anoopgopalakrishnan/workspace/oss/fern/fern-platform/acceptance-go/specs/api/graphql_test.go:189 @ 06/23/25 09:14:33.214&#xA;</failure>
              <system-err>&gt; Enter [BeforeEach] GraphQL API - /Users/anoopgopalakrishnan/workspace/oss/fern/fern-platform/acceptance-go/specs/api/graphql_test.go:22 @ 06/23/25 09:14:33.213&#xA;&lt; Exit [BeforeEach] GraphQL API - /Users/anoopgopalakrishnan/workspace/oss/fern/fern-platform/acceptance-go/specs/api/graphql_test.go:22 @ 06/23/25 09:14:33.213 (0s)&#xA;&gt; Enter [It] should support pagination with cursor-based navigation - /Users/anoopgopalakrishnan/workspace/oss/fern/fern-platform/acceptance-go/specs/api/graphql_test.go:171 @ 06/23/25 09:14:33.213&#xA;STEP: Fetching first page of test runs - /Users/anoopgopalakrishnan/workspace/oss/fern/fern-platform/acceptance-go/specs/api/graphql_test.go:187 @ 06/23/25 09:14:33.213&#xA;[FAILED] Unexpected error:&#xA;    &lt;*errors.errorString | 0x14000442820&gt;: &#xA;    request failed with status 404: 404 page not found&#xA;    {&#xA;        s: &#34;request failed with status 404: 404 page not found&#34;,&#xA;    }&#xA;occurred&#xA;In [It] at: /Users/anoopgopalakrishnan/workspace/oss/fern/fern-platform/acceptance-go/specs/api/graphql_test.go:189 @ 06/23/25 09:14:33.214&#xA;&lt; Exit [It] should support pagination with cursor-based navigation - /Users/anoopgopalakrishnan/workspace/oss/fern/fern-platform/acceptance-go/specs/api/graphql_test.go:171 @ 06/23/25 09:14:33.214 (2ms)&#xA;</system-err>
          </testcase>
          <testcase name="[It] GraphQL API Error Handling and Validation should return proper error for invalid query syntax" classname="API Acceptance Test Suite" status="failed" time="0.001296417">
              <failure message="Unexpected error:&#xA;    &lt;*errors.errorString | 0x1400061c0e0&gt;: &#xA;    request failed with status 404: 404 page not found&#xA;    {&#xA;        s: &#34;request failed with status 404: 404 page not found&#34;,&#xA;    }&#xA;occurred" type="failed">[FAILED] Unexpected error:&#xA;    &lt;*errors.errorString | 0x1400061c0e0&gt;: &#xA;    request failed with status 404: 404 page not found&#xA;    {&#xA;        s: &#34;request failed with status 404: 404 page not found&#34;,&#xA;    }&#xA;occurred&#xA;In [It] at: /Users/anoopgopalakrishnan/workspace/oss/fern/fern-platform/acceptance-go/specs/api/graphql_test.go:457 @ 06/23/25 09:14:33.216&#xA;</failure>
              <system-err>&gt; Enter [BeforeEach] GraphQL API - /Users/anoopgopalakrishnan/workspace/oss/fern/fern-platform/acceptance-go/specs/api/graphql_test.go:22 @ 06/23/25 09:14:33.215&#xA;&lt; Exit [BeforeEach] GraphQL API - /Users/anoopgopalakrishnan/workspace/oss/fern/fern-platform/acceptance-go/specs/api/graphql_test.go:22 @ 06/23/25 09:14:33.215 (0s)&#xA;&gt; Enter [It] should return proper error for invalid query syntax - /Users/anoopgopalakrishnan/workspace/oss/fern/fern-platform/acceptance-go/specs/api/graphql_test.go:443 @ 06/23/25 09:14:33.215&#xA;STEP: Executing query with invalid syntax - /Users/anoopgopalakrishnan/workspace/oss/fern/fern-platform/acceptance-go/specs/api/graphql_test.go:455 @ 06/23/25 09:14:33.215&#xA;[FAILED] Unexpected error:&#xA;    &lt;*errors.errorString | 0x1400061c0e0&gt;: &#xA;    request failed with status 404: 404 page not found&#xA;    {&#xA;        s: &#34;request failed with status 404: 404 page not found&#34;,&#xA;    }&#xA;occurred&#xA;In [It] at: /Users/anoopgopalakrishnan/workspace/oss/fern/fern-platform/acceptance-go/specs/api/graphql_test.go:457 @ 06/23/25 09:14:33.216&#xA;&lt; Exit [It] should return proper error for invalid query syntax - /Users/anoopgopalakrishnan/workspace/oss/fern/fern-platform/acceptance-go/specs/api/graphql_test.go:443 @ 06/23/25 09:14:33.216 (1ms)&#xA;</system-err>
          </testcase>
          <testcase name="[It] GraphQL API Error Handling and Validation should return proper error for non-existent resources" classname="API Acceptance Test Suite" status="failed" time="0.001430625">
              <failure message="Unexpected error:&#xA;    &lt;*errors.errorString | 0x1400061c300&gt;: &#xA;    request failed with status 404: 404 page not found&#xA;    {&#xA;        s: &#34;request failed with status 404: 404 page not found&#34;,&#xA;    }&#xA;occurred" type="failed">[FAILED] Unexpected error:&#xA;    &lt;*errors.errorString | 0x1400061c300&gt;: &#xA;    request failed with status 404: 404 page not found&#xA;    {&#xA;        s: &#34;request failed with status 404: 404 page not found&#34;,&#xA;    }&#xA;occurred&#xA;In [It] at: /Users/anoopgopalakrishnan/workspace/oss/fern/fern-platform/acceptance-go/specs/api/graphql_test.go:517 @ 06/23/25 09:14:33.218&#xA;</failure>
              <system-err>&gt; Enter [BeforeEach] GraphQL API - /Users/anoopgopalakrishnan/workspace/oss/fern/fern-platform/acceptance-go/specs/api/graphql_test.go:22 @ 06/23/25 09:14:33.217&#xA;&lt; Exit [BeforeEach] GraphQL API - /Users/anoopgopalakrishnan/workspace/oss/fern/fern-platform/acceptance-go/specs/api/graphql_test.go:22 @ 06/23/25 09:14:33.217 (0s)&#xA;&gt; Enter [It] should return proper error for non-existent resources - /Users/anoopgopalakrishnan/workspace/oss/fern/fern-platform/acceptance-go/specs/api/graphql_test.go:501 @ 06/23/25 09:14:33.217&#xA;STEP: Querying for non-existent test run - /Users/anoopgopalakrishnan/workspace/oss/fern/fern-platform/acceptance-go/specs/api/graphql_test.go:515 @ 06/23/25 09:14:33.217&#xA;[FAILED] Unexpected error:&#xA;    &lt;*errors.errorString | 0x1400061c300&gt;: &#xA;    request failed with status 404: 404 page not found&#xA;    {&#xA;        s: &#34;request failed with status 404: 404 page not found&#34;,&#xA;    }&#xA;occurred&#xA;In [It] at: /Users/anoopgopalakrishnan/workspace/oss/fern/fern-platform/acceptance-go/specs/api/graphql_test.go:517 @ 06/23/25 09:14:33.218&#xA;&lt; Exit [It] should return proper error for non-existent resources - /Users/anoopgopalakrishnan/workspace/oss/fern/fern-platform/acceptance-go/specs/api/graphql_test.go:501 @ 06/23/25 09:14:33.218 (1ms)&#xA;</system-err>
          </testcase>
          <testcase name="[It] GraphQL API Real-time Features (Future) should support subscriptions for real-time updates" classname="API Acceptance Test Suite" status="failed" time="0.001392333">
              <failure message="Unexpected error:&#xA;    &lt;*fmt.wrapError | 0x14000446740&gt;: &#xA;    introspection failed: request failed with status 404: 404 page not found&#xA;    {&#xA;        msg: &#34;introspection failed: request failed with status 404: 404 page not found&#34;,&#xA;        err: &lt;*errors.errorString | 0x1400061c510&gt;{&#xA;            s: &#34;request failed with status 404: 404 page not found&#34;,&#xA;        },&#xA;    }&#xA;occurred" type="failed">[FAILED] Unexpected error:&#xA;    &lt;*fmt.wrapError | 0x14000446740&gt;: &#xA;    introspection failed: request failed with status 404: 404 page not found&#xA;    {&#xA;        msg: &#34;introspection failed: request failed with status 404: 404 page not found&#34;,&#xA;        err: &lt;*errors.errorString | 0x1400061c510&gt;{&#xA;            s: &#34;request failed with status 404: 404 page not found&#34;,&#xA;        },&#xA;    }&#xA;occurred&#xA;In [It] at: /Users/anoopgopalakrishnan/workspace/oss/fern/fern-platform/acceptance-go/specs/api/graphql_test.go:567 @ 06/23/25 09:14:33.22&#xA;</failure>
              <system-err>&gt; Enter [BeforeEach] GraphQL API - /Users/anoopgopalakrishnan/workspace/oss/fern/fern-platform/acceptance-go/specs/api/graphql_test.go:22 @ 06/23/25 09:14:33.218&#xA;&lt; Exit [BeforeEach] GraphQL API - /Users/anoopgopalakrishnan/workspace/oss/fern/fern-platform/acceptance-go/specs/api/graphql_test.go:22 @ 06/23/25 09:14:33.218 (0s)&#xA;&gt; Enter [It] should support subscriptions for real-time updates - /Users/anoopgopalakrishnan/workspace/oss/fern/fern-platform/acceptance-go/specs/api/graphql_test.go:564 @ 06/23/25 09:14:33.219&#xA;STEP: Checking if subscription support is available - /Users/anoopgopalakrishnan/workspace/oss/fern/fern-platform/acceptance-go/specs/api/graphql_test.go:565 @ 06/23/25 09:14:33.219&#xA;[FAILED] Unexpected error:&#xA;    &lt;*fmt.wrapError | 0x14000446740&gt;: &#xA;    introspection failed: request failed with status 404: 404 page not found&#xA;    {&#xA;        msg: &#34;introspection failed: request failed with status 404: 404 page not found&#34;,&#xA;        err: &lt;*errors.errorString | 0x1400061c510&gt;{&#xA;            s: &#34;request failed with status 404: 404 page not found&#34;,&#xA;        },&#xA;    }&#xA;occurred&#xA;In [It] at: /Users/anoopgopalakrishnan/workspace/oss/fern/fern-platform/acceptance-go/specs/api/graphql_test.go:567 @ 06/23/25 09:14:33.22&#xA;&lt; Exit [It] should support subscriptions for real-time updates - /Users/anoopgopalakrishnan/workspace/oss/fern/fern-platform/acceptance-go/specs/api/graphql_test.go:564 @ 06/23/25 09:14:33.22 (1ms)&#xA;</system-err>
          </testcase>
          <testcase name="[It] REST API Endpoints Test Runs API should respect limit parameter" classname="API Acceptance Test Suite" status="failed" time="0.004139584">
              <failure message="Unexpected error:&#xA;    &lt;*fmt.wrapError | 0x140006827c0&gt;: &#xA;    failed to decode response: json: cannot unmarshal number into Go struct field TestRun.data.id of type string&#xA;    {&#xA;        msg: &#34;failed to decode response: json: cannot unmarshal number into Go struct field TestRun.data.id of type string&#34;,&#xA;        err: &lt;*json.UnmarshalTypeError | 0x14000590e60&gt;{&#xA;            Value: &#34;number&#34;,&#xA;            Type: &lt;*reflect.rtype | 0x1063c9180&gt;{&#xA;                t: {Size_: 0x10, PtrBytes: 0x8, Hash: 2425858147, TFlag: 7, Align_: 8, FieldAlign_: 8, Kind_: 24, Equal: 0x104ed9e70, GCData: 1, Str: 24270, PtrToThis: 613312},&#xA;            },&#xA;            Offset: 16,&#xA;            Struct: &#34;TestRun&#34;,&#xA;            Field: &#34;data.id&#34;,&#xA;        },&#xA;    }&#xA;occurred" type="failed">[FAILED] Unexpected error:&#xA;    &lt;*fmt.wrapError | 0x140006827c0&gt;: &#xA;    failed to decode response: json: cannot unmarshal number into Go struct field TestRun.data.id of type string&#xA;    {&#xA;        msg: &#34;failed to decode response: json: cannot unmarshal number into Go struct field TestRun.data.id of type string&#34;,&#xA;        err: &lt;*json.UnmarshalTypeError | 0x14000590e60&gt;{&#xA;            Value: &#34;number&#34;,&#xA;            Type: &lt;*reflect.rtype | 0x1063c9180&gt;{&#xA;                t: {Size_: 0x10, PtrBytes: 0x8, Hash: 2425858147, TFlag: 7, Align_: 8, FieldAlign_: 8, Kind_: 24, Equal: 0x104ed9e70, GCData: 1, Str: 24270, PtrToThis: 613312},&#xA;            },&#xA;            Offset: 16,&#xA;            Struct: &#34;TestRun&#34;,&#xA;            Field: &#34;data.id&#34;,&#xA;        },&#xA;    }&#xA;occurred&#xA;In [It] at: /Users/anoopgopalakrishnan/workspace/oss/fern/fern-platform/acceptance-go/specs/api/rest_endpoints_test.go:67 @ 06/23/25 09:14:33.224&#xA;</failure>
              <system-err>&gt; Enter [BeforeEach] REST API Endpoints - /Users/anoopgopalakrishnan/workspace/oss/fern/fern-platform/acceptance-go/specs/api/rest_endpoints_test.go:22 @ 06/23/25 09:14:33.22&#xA;&lt; Exit [BeforeEach] REST API Endpoints - /Users/anoopgopalakrishnan/workspace/oss/fern/fern-platform/acceptance-go/specs/api/rest_endpoints_test.go:22 @ 06/23/25 09:14:33.22 (0s)&#xA;&gt; Enter [It] should respect limit parameter - /Users/anoopgopalakrishnan/workspace/oss/fern/fern-platform/acceptance-go/specs/api/rest_endpoints_test.go:59 @ 06/23/25 09:14:33.22&#xA;STEP: Fetching test runs with limit parameter - /Users/anoopgopalakrishnan/workspace/oss/fern/fern-platform/acceptance-go/specs/api/rest_endpoints_test.go:60 @ 06/23/25 09:14:33.22&#xA;[FAILED] Unexpected error:&#xA;    &lt;*fmt.wrapError | 0x140006827c0&gt;: &#xA;    failed to decode response: json: cannot unmarshal number into Go struct field TestRun.data.id of type string&#xA;    {&#xA;        msg: &#34;failed to decode response: json: cannot unmarshal number into Go struct field TestRun.data.id of type string&#34;,&#xA;        err: &lt;*json.UnmarshalTypeError | 0x14000590e60&gt;{&#xA;            Value: &#34;number&#34;,&#xA;            Type: &lt;*reflect.rtype | 0x1063c9180&gt;{&#xA;                t: {Size_: 0x10, PtrBytes: 0x8, Hash: 2425858147, TFlag: 7, Align_: 8, FieldAlign_: 8, Kind_: 24, Equal: 0x104ed9e70, GCData: 1, Str: 24270, PtrToThis: 613312},&#xA;            },&#xA;            Offset: 16,&#xA;            Struct: &#34;TestRun&#34;,&#xA;            Field: &#34;data.id&#34;,&#xA;        },&#xA;    }&#xA;occurred&#xA;In [It] at: /Users/anoopgopalakrishnan/workspace/oss/fern/fern-platform/acceptance-go/specs/api/rest_endpoints_test.go:67 @ 06/23/25 09:14:33.224&#xA;&lt; Exit [It] should respect limit parameter - /Users/anoopgopalakrishnan/workspace/oss/fern/fern-platform/acceptance-go/specs/api/rest_endpoints_test.go:59 @ 06/23/25 09:14:33.224 (4ms)&#xA;</system-err>
          </testcase>
          <testcase name="[It] REST API Endpoints Test Runs API should support pagination with offset" classname="API Acceptance Test Suite" status="failed" time="0.0043785">
              <failure message="Unexpected error:&#xA;    &lt;*fmt.wrapError | 0x140004460a0&gt;: &#xA;    failed to decode response: json: cannot unmarshal number into Go struct field TestRun.data.id of type string&#xA;    {&#xA;        msg: &#34;failed to decode response: json: cannot unmarshal number into Go struct field TestRun.data.id of type string&#34;,&#xA;        err: &lt;*json.UnmarshalTypeError | 0x140000fe370&gt;{&#xA;            Value: &#34;number&#34;,&#xA;            Type: &lt;*reflect.rtype | 0x1063c9180&gt;{&#xA;                t: {Size_: 0x10, PtrBytes: 0x8, Hash: 2425858147, TFlag: 7, Align_: 8, FieldAlign_: 8, Kind_: 24, Equal: 0x104ed9e70, GCData: 1, Str: 24270, PtrToThis: 613312},&#xA;            },&#xA;            Offset: 16,&#xA;            Struct: &#34;TestRun&#34;,&#xA;            Field: &#34;data.id&#34;,&#xA;        },&#xA;    }&#xA;occurred" type="failed">[FAILED] Unexpected error:&#xA;    &lt;*fmt.wrapError | 0x140004460a0&gt;: &#xA;    failed to decode response: json: cannot unmarshal number into Go struct field TestRun.data.id of type string&#xA;    {&#xA;        msg: &#34;failed to decode response: json: cannot unmarshal number into Go struct field TestRun.data.id of type string&#34;,&#xA;        err: &lt;*json.UnmarshalTypeError | 0x140000fe370&gt;{&#xA;            Value: &#34;number&#34;,&#xA;            Type: &lt;*reflect.rtype | 0x1063c9180&gt;{&#xA;                t: {Size_: 0x10, PtrBytes: 0x8, Hash: 2425858147, TFlag: 7, Align_: 8, FieldAlign_: 8, Kind_: 24, Equal: 0x104ed9e70, GCData: 1, Str: 24270, PtrToThis: 613312},&#xA;            },&#xA;            Offset: 16,&#xA;            Struct: &#34;TestRun&#34;,&#xA;            Field: &#34;data.id&#34;,&#xA;        },&#xA;    }&#xA;occurred&#xA;In [It] at: /Users/anoopgopalakrishnan/workspace/oss/fern/fern-platform/acceptance-go/specs/api/rest_endpoints_test.go:137 @ 06/23/25 09:14:33.229&#xA;</failure>
              <system-err>&gt; Enter [BeforeEach] REST API Endpoints - /Users/anoopgopalakrishnan/workspace/oss/fern/fern-platform/acceptance-go/specs/api/rest_endpoints_test.go:22 @ 06/23/25 09:14:33.225&#xA;&lt; Exit [BeforeEach] REST API Endpoints - /Users/anoopgopalakrishnan/workspace/oss/fern/fern-platform/acceptance-go/specs/api/rest_endpoints_test.go:22 @ 06/23/25 09:14:33.225 (0s)&#xA;&gt; Enter [It] should support pagination with offset - /Users/anoopgopalakrishnan/workspace/oss/fern/fern-platform/acceptance-go/specs/api/rest_endpoints_test.go:127 @ 06/23/25 09:14:33.225&#xA;STEP: Testing pagination with offset parameter - /Users/anoopgopalakrishnan/workspace/oss/fern/fern-platform/acceptance-go/specs/api/rest_endpoints_test.go:128 @ 06/23/25 09:14:33.225&#xA;[FAILED] Unexpected error:&#xA;    &lt;*fmt.wrapError | 0x140004460a0&gt;: &#xA;    failed to decode response: json: cannot unmarshal number into Go struct field TestRun.data.id of type string&#xA;    {&#xA;        msg: &#34;failed to decode response: json: cannot unmarshal number into Go struct field TestRun.data.id of type string&#34;,&#xA;        err: &lt;*json.UnmarshalTypeError | 0x140000fe370&gt;{&#xA;            Value: &#34;number&#34;,&#xA;            Type: &lt;*reflect.rtype | 0x1063c9180&gt;{&#xA;                t: {Size_: 0x10, PtrBytes: 0x8, Hash: 2425858147, TFlag: 7, Align_: 8, FieldAlign_: 8, Kind_: 24, Equal: 0x104ed9e70, GCData: 1, Str: 24270, PtrToThis: 613312},&#xA;            },&#xA;            Offset: 16,&#xA;            Struct: &#34;TestRun&#34;,&#xA;            Field: &#34;data.id&#34;,&#xA;        },&#xA;    }&#xA;occurred&#xA;In [It] at: /Users/anoopgopalakrishnan/workspace/oss/fern/fern-platform/acceptance-go/specs/api/rest_endpoints_test.go:137 @ 06/23/25 09:14:33.229&#xA;&lt; Exit [It] should support pagination with offset - /Users/anoopgopalakrishnan/workspace/oss/fern/fern-platform/acceptance-go/specs/api/rest_endpoints_test.go:127 @ 06/23/25 09:14:33.229 (4ms)&#xA;</system-err>
          </testcase>
          <testcase name="[It] REST API Endpoints Individual Test Run API should return 404 for non-existent test run" classname="API Acceptance Test Suite" status="failed" time="0.001292958">
              <failure message="Expected&#xA;    &lt;string&gt;: API request failed with status 400: {&#34;error&#34;:&#34;Invalid test run ID&#34;}&#xA;to contain substring&#xA;    &lt;string&gt;: not found" type="failed">[FAILED] Expected&#xA;    &lt;string&gt;: API request failed with status 400: {&#34;error&#34;:&#34;Invalid test run ID&#34;}&#xA;to contain substring&#xA;    &lt;string&gt;: not found&#xA;In [It] at: /Users/anoopgopalakrishnan/workspace/oss/fern/fern-platform/acceptance-go/specs/api/rest_endpoints_test.go:215 @ 06/23/25 09:14:33.23&#xA;</failure>
              <system-err>&gt; Enter [BeforeEach] REST API Endpoints - /Users/anoopgopalakrishnan/workspace/oss/fern/fern-platform/acceptance-go/specs/api/rest_endpoints_test.go:22 @ 06/23/25 09:14:33.229&#xA;&lt; Exit [BeforeEach] REST API Endpoints - /Users/anoopgopalakrishnan/workspace/oss/fern/fern-platform/acceptance-go/specs/api/rest_endpoints_test.go:22 @ 06/23/25 09:14:33.229 (0s)&#xA;&gt; Enter [It] should return 404 for non-existent test run - /Users/anoopgopalakrishnan/workspace/oss/fern/fern-platform/acceptance-go/specs/api/rest_endpoints_test.go:210 @ 06/23/25 09:14:33.229&#xA;STEP: Attempting to fetch non-existent test run - /Users/anoopgopalakrishnan/workspace/oss/fern/fern-platform/acceptance-go/specs/api/rest_endpoints_test.go:211 @ 06/23/25 09:14:33.229&#xA;[FAILED] Expected&#xA;    &lt;string&gt;: API request failed with status 400: {&#34;error&#34;:&#34;Invalid test run ID&#34;}&#xA;to contain substring&#xA;    &lt;string&gt;: not found&#xA;In [It] at: /Users/anoopgopalakrishnan/workspace/oss/fern/fern-platform/acceptance-go/specs/api/rest_endpoints_test.go:215 @ 06/23/25 09:14:33.23&#xA;&lt; Exit [It] should return 404 for non-existent test run - /Users/anoopgopalakrishnan/workspace/oss/fern/fern-platform/acceptance-go/specs/api/rest_endpoints_test.go:210 @ 06/23/25 09:14:33.23 (1ms)&#xA;</system-err>
          </testcase>
          <testcase name="[It] REST API Endpoints Projects API should include all created test projects" classname="API Acceptance Test Suite" status="passed" time="0.002124584">
              <system-err>&gt; Enter [BeforeEach] REST API Endpoints - /Users/anoopgopalakrishnan/workspace/oss/fern/fern-platform/acceptance-go/specs/api/rest_endpoints_test.go:22 @ 06/23/25 09:14:33.231&#xA;&lt; Exit [BeforeEach] REST API Endpoints - /Users/anoopgopalakrishnan/workspace/oss/fern/fern-platform/acceptance-go/specs/api/rest_endpoints_test.go:22 @ 06/23/25 09:14:33.231 (0s)&#xA;&gt; Enter [It] should include all created test projects - /Users/anoopgopalakrishnan/workspace/oss/fern/fern-platform/acceptance-go/specs/api/rest_endpoints_test.go:278 @ 06/23/25 09:14:33.231&#xA;STEP: Verifying all test projects are returned - /Users/anoopgopalakrishnan/workspace/oss/fern/fern-platform/acceptance-go/specs/api/rest_endpoints_test.go:279 @ 06/23/25 09:14:33.231&#xA;&lt; Exit [It] should include all created test projects - /Users/anoopgopalakrishnan/workspace/oss/fern/fern-platform/acceptance-go/specs/api/rest_endpoints_test.go:278 @ 06/23/25 09:14:33.233 (2ms)&#xA;</system-err>
          </testcase>
          <testcase name="[It] REST API Endpoints Data Creation APIs should validate required fields when creating project" classname="API Acceptance Test Suite" status="passed" time="0.001906833">
              <system-err>&gt; Enter [BeforeEach] REST API Endpoints - /Users/anoopgopalakrishnan/workspace/oss/fern/fern-platform/acceptance-go/specs/api/rest_endpoints_test.go:22 @ 06/23/25 09:14:33.233&#xA;&lt; Exit [BeforeEach] REST API Endpoints - /Users/anoopgopalakrishnan/workspace/oss/fern/fern-platform/acceptance-go/specs/api/rest_endpoints_test.go:22 @ 06/23/25 09:14:33.233 (0s)&#xA;&gt; Enter [It] should validate required fields when creating project - /Users/anoopgopalakrishnan/workspace/oss/fern/fern-platform/acceptance-go/specs/api/rest_endpoints_test.go:364 @ 06/23/25 09:14:33.233&#xA;STEP: Attempting to create project with missing required fields - /Users/anoopgopalakrishnan/workspace/oss/fern/fern-platform/acceptance-go/specs/api/rest_endpoints_test.go:371 @ 06/23/25 09:14:33.233&#xA;&lt; Exit [It] should validate required fields when creating project - /Users/anoopgopalakrishnan/workspace/oss/fern/fern-platform/acceptance-go/specs/api/rest_endpoints_test.go:364 @ 06/23/25 09:14:33.235 (2ms)&#xA;</system-err>
          </testcase>
          <testcase name="[It] REST API Endpoints Error Handling should handle service unavailable gracefully" classname="API Acceptance Test Suite" status="passed" time="0.002020459">
              <system-err>&gt; Enter [BeforeEach] REST API Endpoints - /Users/anoopgopalakrishnan/workspace/oss/fern/fern-platform/acceptance-go/specs/api/rest_endpoints_test.go:22 @ 06/23/25 09:14:33.235&#xA;&lt; Exit [BeforeEach] REST API Endpoints - /Users/anoopgopalakrishnan/workspace/oss/fern/fern-platform/acceptance-go/specs/api/rest_endpoints_test.go:22 @ 06/23/25 09:14:33.235 (0s)&#xA;&gt; Enter [It] should handle service unavailable gracefully - /Users/anoopgopalakrishnan/workspace/oss/fern/fern-platform/acceptance-go/specs/api/rest_endpoints_test.go:476 @ 06/23/25 09:14:33.235&#xA;STEP: Testing with unavailable service - /Users/anoopgopalakrishnan/workspace/oss/fern/fern-platform/acceptance-go/specs/api/rest_endpoints_test.go:481 @ 06/23/25 09:14:33.235&#xA;&lt; Exit [It] should handle service unavailable gracefully - /Users/anoopgopalakrishnan/workspace/oss/fern/fern-platform/acceptance-go/specs/api/rest_endpoints_test.go:476 @ 06/23/25 09:14:33.237 (2ms)&#xA;</system-err>
          </testcase>
          <testcase name="[It] REST API Endpoints Error Handling should handle malformed request data" classname="API Acceptance Test Suite" status="passed" time="0.006485209">
              <system-err>&gt; Enter [BeforeEach] REST API Endpoints - /Users/anoopgopalakrishnan/workspace/oss/fern/fern-platform/acceptance-go/specs/api/rest_endpoints_test.go:22 @ 06/23/25 09:14:33.237&#xA;&lt; Exit [BeforeEach] REST API Endpoints - /Users/anoopgopalakrishnan/workspace/oss/fern/fern-platform/acceptance-go/specs/api/rest_endpoints_test.go:22 @ 06/23/25 09:14:33.237 (0s)&#xA;&gt; Enter [It] should handle malformed request data - /Users/anoopgopalakrishnan/workspace/oss/fern/fern-platform/acceptance-go/specs/api/rest_endpoints_test.go:505 @ 06/23/25 09:14:33.237&#xA;STEP: Testing with invalid test run data - /Users/anoopgopalakrishnan/workspace/oss/fern/fern-platform/acceptance-go/specs/api/rest_endpoints_test.go:506 @ 06/23/25 09:14:33.237&#xA;&lt; Exit [It] should handle malformed request data - /Users/anoopgopalakrishnan/workspace/oss/fern/fern-platform/acceptance-go/specs/api/rest_endpoints_test.go:505 @ 06/23/25 09:14:33.244 (6ms)&#xA;</system-err>
          </testcase>
          <testcase name="[AfterSuite]" classname="API Acceptance Test Suite" status="passed" time="5.7584e-05">
              <system-out>✅ Test data cleanup completed for namespace: fern-api-test-1750695271-1&#xA;</system-out>
              <system-err>&gt; Enter [AfterSuite] TOP-LEVEL - /Users/anoopgopalakrishnan/workspace/oss/fern/fern-platform/acceptance-go/specs/api/api_suite_test.go:165 @ 06/23/25 09:14:33.244&#xA;STEP: Cleaning up API acceptance test suite - /Users/anoopgopalakrishnan/workspace/oss/fern/fern-platform/acceptance-go/specs/api/api_suite_test.go:166 @ 06/23/25 09:14:33.244&#xA;STEP: Cleaning up test data fixtures - /Users/anoopgopalakrishnan/workspace/oss/fern/fern-platform/acceptance-go/specs/api/api_suite_test.go:172 @ 06/23/25 09:14:33.244&#xA;STEP: ✅ API acceptance test suite cleanup complete - /Users/anoopgopalakrishnan/workspace/oss/fern/fern-platform/acceptance-go/specs/api/api_suite_test.go:189 @ 06/23/25 09:14:33.244&#xA;&lt; Exit [AfterSuite] TOP-LEVEL - /Users/anoopgopalakrishnan/workspace/oss/fern/fern-platform/acceptance-go/specs/api/api_suite_test.go:165 @ 06/23/25 09:14:33.244 (0s)&#xA;</system-err>
          </testcase>
          <testcase name="[ReportAfterSuite] Fern Platform Reporter" classname="API Acceptance Test Suite" status="passed" time="0.057774875">
              <system-err>&gt; Enter [ReportAfterSuite] TOP-LEVEL - /Users/anoopgopalakrishnan/workspace/oss/fern/fern-platform/acceptance-go/specs/api/api_suite_test.go:49 @ 06/23/25 09:14:33.296&#xA;&lt; Exit [ReportAfterSuite] TOP-LEVEL - /Users/anoopgopalakrishnan/workspace/oss/fern/fern-platform/acceptance-go/specs/api/api_suite_test.go:49 @ 06/23/25 09:14:33.302 (6ms)&#xA;</system-err>
          </testcase>
          <testcase name="[BeforeSuite]" classname="API Acceptance Test Suite" status="passed" time="0.007017917">
              <system-out>✅ Initialized test data manager for existing platform&#xA;</system-out>
              <system-err>&gt; Enter [BeforeSuite] TOP-LEVEL - /Users/anoopgopalakrishnan/workspace/oss/fern/fern-platform/acceptance-go/specs/api/api_suite_test.go:59 @ 06/23/25 09:14:33.2&#xA;STEP: Setting up API acceptance test suite - /Users/anoopgopalakrishnan/workspace/oss/fern/fern-platform/acceptance-go/specs/api/api_suite_test.go:60 @ 06/23/25 09:14:33.2&#xA;STEP: Connecting to existing deployed fern-platform - /Users/anoopgopalakrishnan/workspace/oss/fern/fern-platform/acceptance-go/specs/api/api_suite_test.go:74 @ 06/23/25 09:14:33.2&#xA;STEP: Waiting for existing platform to be responsive - /Users/anoopgopalakrishnan/workspace/oss/fern/fern-platform/acceptance-go/specs/api/api_suite_test.go:90 @ 06/23/25 09:14:33.2&#xA;STEP: Using existing platform data (no new test data created) - /Users/anoopgopalakrishnan/workspace/oss/fern/fern-platform/acceptance-go/specs/api/api_suite_test.go:157 @ 06/23/25 09:14:33.206&#xA;STEP: Initializing with existing platform data - /Users/anoopgopalakrishnan/workspace/oss/fern/fern-platform/acceptance-go/specs/api/api_suite_test.go:159 @ 06/23/25 09:14:33.207&#xA;STEP: ✅ API acceptance test suite setup complete - /Users/anoopgopalakrishnan/workspace/oss/fern/fern-platform/acceptance-go/specs/api/api_suite_test.go:162 @ 06/23/25 09:14:33.207&#xA;&lt; Exit [BeforeSuite] TOP-LEVEL - /Users/anoopgopalakrishnan/workspace/oss/fern/fern-platform/acceptance-go/specs/api/api_suite_test.go:59 @ 06/23/25 09:14:33.207 (7ms)&#xA;</system-err>
          </testcase>
          <testcase name="[It] GraphQL API Schema and Introspection should have required types defined" classname="API Acceptance Test Suite" status="failed" time="0.005434375">
              <failure message="Unexpected error:&#xA;    &lt;*fmt.wrapError | 0x1400011cbe0&gt;: &#xA;    introspection failed: request failed with status 404: 404 page not found&#xA;    {&#xA;        msg: &#34;introspection failed: request failed with status 404: 404 page not found&#34;,&#xA;        err: &lt;*errors.errorString | 0x14000136450&gt;{&#xA;            s: &#34;request failed with status 404: 404 page not found&#34;,&#xA;        },&#xA;    }&#xA;occurred" type="failed">[FAILED] Unexpected error:&#xA;    &lt;*fmt.wrapError | 0x1400011cbe0&gt;: &#xA;    introspection failed: request failed with status 404: 404 page not found&#xA;    {&#xA;        msg: &#34;introspection failed: request failed with status 404: 404 page not found&#34;,&#xA;        err: &lt;*errors.errorString | 0x14000136450&gt;{&#xA;            s: &#34;request failed with status 404: 404 page not found&#34;,&#xA;        },&#xA;    }&#xA;occurred&#xA;In [It] at: /Users/anoopgopalakrishnan/workspace/oss/fern/fern-platform/acceptance-go/specs/api/graphql_test.go:52 @ 06/23/25 09:14:33.212&#xA;</failure>
              <system-err>&gt; Enter [BeforeEach] GraphQL API - /Users/anoopgopalakrishnan/workspace/oss/fern/fern-platform/acceptance-go/specs/api/graphql_test.go:22 @ 06/23/25 09:14:33.207&#xA;&lt; Exit [BeforeEach] GraphQL API - /Users/anoopgopalakrishnan/workspace/oss/fern/fern-platform/acceptance-go/specs/api/graphql_test.go:22 @ 06/23/25 09:14:33.207 (0s)&#xA;&gt; Enter [It] should have required types defined - /Users/anoopgopalakrishnan/workspace/oss/fern/fern-platform/acceptance-go/specs/api/graphql_test.go:49 @ 06/23/25 09:14:33.207&#xA;STEP: Getting schema information - /Users/anoopgopalakrishnan/workspace/oss/fern/fern-platform/acceptance-go/specs/api/graphql_test.go:50 @ 06/23/25 09:14:33.207&#xA;[FAILED] Unexpected error:&#xA;    &lt;*fmt.wrapError | 0x1400011cbe0&gt;: &#xA;    introspection failed: request failed with status 404: 404 page not found&#xA;    {&#xA;        msg: &#34;introspection failed: request failed with status 404: 404 page not found&#34;,&#xA;        err: &lt;*errors.errorString | 0x14000136450&gt;{&#xA;            s: &#34;request failed with status 404: 404 page not found&#34;,&#xA;        },&#xA;    }&#xA;occurred&#xA;In [It] at: /Users/anoopgopalakrishnan/workspace/oss/fern/fern-platform/acceptance-go/specs/api/graphql_test.go:52 @ 06/23/25 09:14:33.212&#xA;&lt; Exit [It] should have required types defined - /Users/anoopgopalakrishnan/workspace/oss/fern/fern-platform/acceptance-go/specs/api/graphql_test.go:49 @ 06/23/25 09:14:33.212 (5ms)&#xA;</system-err>
          </testcase>
          <testcase name="[It] GraphQL API Test Run Queries should filter test runs by project" classname="API Acceptance Test Suite" status="failed" time="0.000284292">
              <failure message="Expected&#xA;    &lt;int&gt;: 0&#xA;to be &gt;&#xA;    &lt;int&gt;: 0" type="failed">[FAILED] Expected&#xA;    &lt;int&gt;: 0&#xA;to be &gt;&#xA;    &lt;int&gt;: 0&#xA;In [It] at: /Users/anoopgopalakrishnan/workspace/oss/fern/fern-platform/acceptance-go/specs/api/graphql_test.go:234 @ 06/23/25 09:14:33.213&#xA;</failure>
              <system-err>&gt; Enter [BeforeEach] GraphQL API - /Users/anoopgopalakrishnan/workspace/oss/fern/fern-platform/acceptance-go/specs/api/graphql_test.go:22 @ 06/23/25 09:14:33.213&#xA;&lt; Exit [BeforeEach] GraphQL API - /Users/anoopgopalakrishnan/workspace/oss/fern/fern-platform/acceptance-go/specs/api/graphql_test.go:22 @ 06/23/25 09:14:33.213 (0s)&#xA;&gt; Enter [It] should filter test runs by project - /Users/anoopgopalakrishnan/workspace/oss/fern/fern-platform/acceptance-go/specs/api/graphql_test.go:231 @ 06/23/25 09:14:33.213&#xA;[FAILED] Expected&#xA;    &lt;int&gt;: 0&#xA;to be &gt;&#xA;    &lt;int&gt;: 0&#xA;In [It] at: /Users/anoopgopalakrishnan/workspace/oss/fern/fern-platform/acceptance-go/specs/api/graphql_test.go:234 @ 06/23/25 09:14:33.213&#xA;&lt; Exit [It] should filter test runs by project - /Users/anoopgopalakrishnan/workspace/oss/fern/fern-platform/acceptance-go/specs/api/graphql_test.go:231 @ 06/23/25 09:14:33.213 (0s)&#xA;</system-err>
          </testcase>
          <testcase name="[It] GraphQL API Test Run Queries should filter test runs by date range" classname="API Acceptance Test Suite" status="failed" time="0.0016975">
              <failure message="Unexpected error:&#xA;    &lt;*errors.errorString | 0x14000702020&gt;: &#xA;    request failed with status 404: 404 page not found&#xA;    {&#xA;        s: &#34;request failed with status 404: 404 page not found&#34;,&#xA;    }&#xA;occurred" type="failed">[FAILED] Unexpected error:&#xA;    &lt;*errors.errorString | 0x14000702020&gt;: &#xA;    request failed with status 404: 404 page not found&#xA;    {&#xA;        s: &#34;request failed with status 404: 404 page not found&#34;,&#xA;    }&#xA;occurred&#xA;In [It] at: /Users/anoopgopalakrishnan/workspace/oss/fern/fern-platform/acceptance-go/specs/api/graphql_test.go:319 @ 06/23/25 09:14:33.216&#xA;</failure>
              <system-err>&gt; Enter [BeforeEach] GraphQL API - /Users/anoopgopalakrishnan/workspace/oss/fern/fern-platform/acceptance-go/specs/api/graphql_test.go:22 @ 06/23/25 09:14:33.215&#xA;&lt; Exit [BeforeEach] GraphQL API - /Users/anoopgopalakrishnan/workspace/oss/fern/fern-platform/acceptance-go/specs/api/graphql_test.go:22 @ 06/23/25 09:14:33.215 (0s)&#xA;&gt; Enter [It] should filter test runs by date range - /Users/anoopgopalakrishnan/workspace/oss/fern/fern-platform/acceptance-go/specs/api/graphql_test.go:294 @ 06/23/25 09:14:33.215&#xA;STEP: Filtering test runs by date range - /Users/anoopgopalakrishnan/workspace/oss/fern/fern-platform/acceptance-go/specs/api/graphql_test.go:317 @ 06/23/25 09:14:33.215&#xA;[FAILED] Unexpected error:&#xA;    &lt;*errors.errorString | 0x14000702020&gt;: &#xA;    request failed with status 404: 404 page not found&#xA;    {&#xA;        s: &#34;request failed with status 404: 404 page not found&#34;,&#xA;    }&#xA;occurred&#xA;In [It] at: /Users/anoopgopalakrishnan/workspace/oss/fern/fern-platform/acceptance-go/specs/api/graphql_test.go:319 @ 06/23/25 09:14:33.216&#xA;&lt; Exit [It] should filter test runs by date range - /Users/anoopgopalakrishnan/workspace/oss/fern/fern-platform/acceptance-go/specs/api/graphql_test.go:294 @ 06/23/25 09:14:33.216 (1ms)&#xA;</system-err>
          </testcase>
          <testcase name="[It] GraphQL API Error Handling and Validation should validate required arguments" classname="API Acceptance Test Suite" status="failed" time="0.001823">
              <failure message="Unexpected error:&#xA;    &lt;*errors.errorString | 0x140006942a0&gt;: &#xA;    request failed with status 404: 404 page not found&#xA;    {&#xA;        s: &#34;request failed with status 404: 404 page not found&#34;,&#xA;    }&#xA;occurred" type="failed">[FAILED] Unexpected error:&#xA;    &lt;*errors.errorString | 0x140006942a0&gt;: &#xA;    request failed with status 404: 404 page not found&#xA;    {&#xA;        s: &#34;request failed with status 404: 404 page not found&#34;,&#xA;    }&#xA;occurred&#xA;In [It] at: /Users/anoopgopalakrishnan/workspace/oss/fern/fern-platform/acceptance-go/specs/api/graphql_test.go:474 @ 06/23/25 09:14:33.218&#xA;</failure>
              <system-err>&gt; Enter [BeforeEach] GraphQL API - /Users/anoopgopalakrishnan/workspace/oss/fern/fern-platform/acceptance-go/specs/api/graphql_test.go:22 @ 06/23/25 09:14:33.217&#xA;&lt; Exit [BeforeEach] GraphQL API - /Users/anoopgopalakrishnan/workspace/oss/fern/fern-platform/acceptance-go/specs/api/graphql_test.go:22 @ 06/23/25 09:14:33.217 (0s)&#xA;&gt; Enter [It] should validate required arguments - /Users/anoopgopalakrishnan/workspace/oss/fern/fern-platform/acceptance-go/specs/api/graphql_test.go:463 @ 06/23/25 09:14:33.217&#xA;STEP: Executing query with missing required arguments - /Users/anoopgopalakrishnan/workspace/oss/fern/fern-platform/acceptance-go/specs/api/graphql_test.go:472 @ 06/23/25 09:14:33.217&#xA;[FAILED] Unexpected error:&#xA;    &lt;*errors.errorString | 0x140006942a0&gt;: &#xA;    request failed with status 404: 404 page not found&#xA;    {&#xA;        s: &#34;request failed with status 404: 404 page not found&#34;,&#xA;    }&#xA;occurred&#xA;In [It] at: /Users/anoopgopalakrishnan/workspace/oss/fern/fern-platform/acceptance-go/specs/api/graphql_test.go:474 @ 06/23/25 09:14:33.218&#xA;&lt; Exit [It] should validate required arguments - /Users/anoopgopalakrishnan/workspace/oss/fern/fern-platform/acceptance-go/specs/api/graphql_test.go:463 @ 06/23/25 09:14:33.218 (2ms)&#xA;</system-err>
          </testcase>
          <testcase name="[It] REST API Endpoints Health Check Endpoint should respond quickly" classname="API Acceptance Test Suite" status="passed" time="0.001247083">
              <system-err>&gt; Enter [BeforeEach] REST API Endpoints - /Users/anoopgopalakrishnan/workspace/oss/fern/fern-platform/acceptance-go/specs/api/rest_endpoints_test.go:22 @ 06/23/25 09:14:33.219&#xA;&lt; Exit [BeforeEach] REST API Endpoints - /Users/anoopgopalakrishnan/workspace/oss/fern/fern-platform/acceptance-go/specs/api/rest_endpoints_test.go:22 @ 06/23/25 09:14:33.219 (0s)&#xA;&gt; Enter [It] should respond quickly - /Users/anoopgopalakrishnan/workspace/oss/fern/fern-platform/acceptance-go/specs/api/rest_endpoints_test.go:35 @ 06/23/25 09:14:33.219&#xA;STEP: Measuring health check response time - /Users/anoopgopalakrishnan/workspace/oss/fern/fern-platform/acceptance-go/specs/api/rest_endpoints_test.go:36 @ 06/23/25 09:14:33.219&#xA;&lt; Exit [It] should respond quickly - /Users/anoopgopalakrishnan/workspace/oss/fern/fern-platform/acceptance-go/specs/api/rest_endpoints_test.go:35 @ 06/23/25 09:14:33.22 (1ms)&#xA;</system-err>
          </testcase>
          <testcase name="[It] REST API Endpoints Test Runs API should filter by project ID" classname="API Acceptance Test Suite" status="failed" time="0.000543333">
              <failure message="Expected&#xA;    &lt;int&gt;: 0&#xA;to be &gt;&#xA;    &lt;int&gt;: 0" type="failed">[FAILED] Expected&#xA;    &lt;int&gt;: 0&#xA;to be &gt;&#xA;    &lt;int&gt;: 0&#xA;In [It] at: /Users/anoopgopalakrishnan/workspace/oss/fern/fern-platform/acceptance-go/specs/api/rest_endpoints_test.go:74 @ 06/23/25 09:14:33.221&#xA;</failure>
              <system-err>&gt; Enter [BeforeEach] REST API Endpoints - /Users/anoopgopalakrishnan/workspace/oss/fern/fern-platform/acceptance-go/specs/api/rest_endpoints_test.go:22 @ 06/23/25 09:14:33.22&#xA;&lt; Exit [BeforeEach] REST API Endpoints - /Users/anoopgopalakrishnan/workspace/oss/fern/fern-platform/acceptance-go/specs/api/rest_endpoints_test.go:22 @ 06/23/25 09:14:33.22 (0s)&#xA;&gt; Enter [It] should filter by project ID - /Users/anoopgopalakrishnan/workspace/oss/fern/fern-platform/acceptance-go/specs/api/rest_endpoints_test.go:71 @ 06/23/25 09:14:33.221&#xA;[FAILED] Expected&#xA;    &lt;int&gt;: 0&#xA;to be &gt;&#xA;    &lt;int&gt;: 0&#xA;In [It] at: /Users/anoopgopalakrishnan/workspace/oss/fern/fern-platform/acceptance-go/specs/api/rest_endpoints_test.go:74 @ 06/23/25 09:14:33.221&#xA;&lt; Exit [It] should filter by project ID - /Users/anoopgopalakrishnan/workspace/oss/fern/fern-platform/acceptance-go/specs/api/rest_endpoints_test.go:71 @ 06/23/25 09:14:33.221 (0s)&#xA;</system-err>
          </testcase>
          <testcase name="[It] REST API Endpoints Test Runs API should filter by branch" classname="API Acceptance Test Suite" status="failed" time="0.008588042">
              <failure message="Unexpected error:&#xA;    &lt;*fmt.wrapError | 0x1400026e380&gt;: &#xA;    failed to decode response: json: cannot unmarshal number into Go struct field TestRun.data.id of type string&#xA;    {&#xA;        msg: &#34;failed to decode response: json: cannot unmarshal number into Go struct field TestRun.data.id of type string&#34;,&#xA;        err: &lt;*json.UnmarshalTypeError | 0x140000feaf0&gt;{&#xA;            Value: &#34;number&#34;,&#xA;            Type: &lt;*reflect.rtype | 0x1018f1180&gt;{&#xA;                t: {Size_: 0x10, PtrBytes: 0x8, Hash: 2425858147, TFlag: 7, Align_: 8, FieldAlign_: 8, Kind_: 24, Equal: 0x100401e70, GCData: 1, Str: 24270, PtrToThis: 613312},&#xA;            },&#xA;            Offset: 16,&#xA;            Struct: &#34;TestRun&#34;,&#xA;            Field: &#34;data.id&#34;,&#xA;        },&#xA;    }&#xA;occurred" type="failed">[FAILED] Unexpected error:&#xA;    &lt;*fmt.wrapError | 0x1400026e380&gt;: &#xA;    failed to decode response: json: cannot unmarshal number into Go struct field TestRun.data.id of type string&#xA;    {&#xA;        msg: &#34;failed to decode response: json: cannot unmarshal number into Go struct field TestRun.data.id of type string&#34;,&#xA;        err: &lt;*json.UnmarshalTypeError | 0x140000feaf0&gt;{&#xA;            Value: &#34;number&#34;,&#xA;            Type: &lt;*reflect.rtype | 0x1018f1180&gt;{&#xA;                t: {Size_: 0x10, PtrBytes: 0x8, Hash: 2425858147, TFlag: 7, Align_: 8, FieldAlign_: 8, Kind_: 24, Equal: 0x100401e70, GCData: 1, Str: 24270, PtrToThis: 613312},&#xA;            },&#xA;            Offset: 16,&#xA;            Struct: &#34;TestRun&#34;,&#xA;            Field: &#34;data.id&#34;,&#xA;        },&#xA;    }&#xA;occurred&#xA;In [It] at: /Users/anoopgopalakrishnan/workspace/oss/fern/fern-platform/acceptance-go/specs/api/rest_endpoints_test.go:119 @ 06/23/25 09:14:33.23&#xA;</failure>
              <system-err>&gt; Enter [BeforeEach] REST API Endpoints - /Users/anoopgopalakrishnan/workspace/oss/fern/fern-platform/acceptance-go/specs/api/rest_endpoints_test.go:22 @ 06/23/25 09:14:33.221&#xA;&lt; Exit [BeforeEach] REST API Endpoints - /Users/anoopgopalakrishnan/workspace/oss/fern/fern-platform/acceptance-go/specs/api/rest_endpoints_test.go:22 @ 06/23/25 09:14:33.221 (0s)&#xA;&gt; Enter [It] should filter by branch - /Users/anoopgopalakrishnan/workspace/oss/fern/fern-platform/acceptance-go/specs/api/rest_endpoints_test.go:110 @ 06/23/25 09:14:33.221&#xA;STEP: Filtering test runs by main branch - /Users/anoopgopalakrishnan/workspace/oss/fern/fern-platform/acceptance-go/specs/api/rest_endpoints_test.go:111 @ 06/23/25 09:14:33.221&#xA;[FAILED] Unexpected error:&#xA;    &lt;*fmt.wrapError | 0x1400026e380&gt;: &#xA;    failed to decode response: json: cannot unmarshal number into Go struct field TestRun.data.id of type string&#xA;    {&#xA;        msg: &#34;failed to decode response: json: cannot unmarshal number into Go struct field TestRun.data.id of type string&#34;,&#xA;        err: &lt;*json.UnmarshalTypeError | 0x140000feaf0&gt;{&#xA;            Value: &#34;number&#34;,&#xA;            Type: &lt;*reflect.rtype | 0x1018f1180&gt;{&#xA;                t: {Size_: 0x10, PtrBytes: 0x8, Hash: 2425858147, TFlag: 7, Align_: 8, FieldAlign_: 8, Kind_: 24, Equal: 0x100401e70, GCData: 1, Str: 24270, PtrToThis: 613312},&#xA;            },&#xA;            Offset: 16,&#xA;            Struct: &#34;TestRun&#34;,&#xA;            Field: &#34;data.id&#34;,&#xA;        },&#xA;    }&#xA;occurred&#xA;In [It] at: /Users/anoopgopalakrishnan/workspace/oss/fern/fern-platform/acceptance-go/specs/api/rest_endpoints_test.go:119 @ 06/23/25 09:14:33.23&#xA;&lt; Exit [It] should filter by branch - /Users/anoopgopalakrishnan/workspace/oss/fern/fern-platform/acceptance-go/specs/api/rest_endpoints_test.go:110 @ 06/23/25 09:14:33.23 (8ms)&#xA;</system-err>
          </testcase>
          <testcase name="[It] REST API Endpoints Projects API should retrieve all projects" classname="API Acceptance Test Suite" status="passed" time="0.001581541">
              <system-err>&gt; Enter [BeforeEach] REST API Endpoints - /Users/anoopgopalakrishnan/workspace/oss/fern/fern-platform/acceptance-go/specs/api/rest_endpoints_test.go:22 @ 06/23/25 09:14:33.23&#xA;&lt; Exit [BeforeEach] REST API Endpoints - /Users/anoopgopalakrishnan/workspace/oss/fern/fern-platform/acceptance-go/specs/api/rest_endpoints_test.go:22 @ 06/23/25 09:14:33.23 (0s)&#xA;&gt; Enter [It] should retrieve all projects - /Users/anoopgopalakrishnan/workspace/oss/fern/fern-platform/acceptance-go/specs/api/rest_endpoints_test.go:249 @ 06/23/25 09:14:33.23&#xA;STEP: Fetching all projects - /Users/anoopgopalakrishnan/workspace/oss/fern/fern-platform/acceptance-go/specs/api/rest_endpoints_test.go:250 @ 06/23/25 09:14:33.23&#xA;&lt; Exit [It] should retrieve all projects - /Users/anoopgopalakrishnan/workspace/oss/fern/fern-platform/acceptance-go/specs/api/rest_endpoints_test.go:249 @ 06/23/25 09:14:33.231 (1ms)&#xA;</system-err>
          </testcase>
          <testcase name="[It] REST API Endpoints Data Creation APIs should create a new test run" classname="API Acceptance Test Suite" status="failed" time="0.000213542">
              <failure message="Expected&#xA;    &lt;int&gt;: 0&#xA;to be &gt;&#xA;    &lt;int&gt;: 0" type="failed">[FAILED] Expected&#xA;    &lt;int&gt;: 0&#xA;to be &gt;&#xA;    &lt;int&gt;: 0&#xA;In [It] at: /Users/anoopgopalakrishnan/workspace/oss/fern/fern-platform/acceptance-go/specs/api/rest_endpoints_test.go:304 @ 06/23/25 09:14:33.232&#xA;</failure>
              <system-err>&gt; Enter [BeforeEach] REST API Endpoints - /Users/anoopgopalakrishnan/workspace/oss/fern/fern-platform/acceptance-go/specs/api/rest_endpoints_test.go:22 @ 06/23/25 09:14:33.232&#xA;&lt; Exit [BeforeEach] REST API Endpoints - /Users/anoopgopalakrishnan/workspace/oss/fern/fern-platform/acceptance-go/specs/api/rest_endpoints_test.go:22 @ 06/23/25 09:14:33.232 (0s)&#xA;&gt; Enter [It] should create a new test run - /Users/anoopgopalakrishnan/workspace/oss/fern/fern-platform/acceptance-go/specs/api/rest_endpoints_test.go:301 @ 06/23/25 09:14:33.232&#xA;[FAILED] Expected&#xA;    &lt;int&gt;: 0&#xA;to be &gt;&#xA;    &lt;int&gt;: 0&#xA;In [It] at: /Users/anoopgopalakrishnan/workspace/oss/fern/fern-platform/acceptance-go/specs/api/rest_endpoints_test.go:304 @ 06/23/25 09:14:33.232&#xA;&lt; Exit [It] should create a new test run - /Users/anoopgopalakrishnan/workspace/oss/fern/fern-platform/acceptance-go/specs/api/rest_endpoints_test.go:301 @ 06/23/25 09:14:33.232 (0s)&#xA;</system-err>
          </testcase>
          <testcase name="[It] REST API Endpoints Data Creation APIs should validate required fields when creating test run" classname="API Acceptance Test Suite" status="passed" time="0.001737917">
              <system-err>&gt; Enter [BeforeEach] REST API Endpoints - /Users/anoopgopalakrishnan/workspace/oss/fern/fern-platform/acceptance-go/specs/api/rest_endpoints_test.go:22 @ 06/23/25 09:14:33.232&#xA;&lt; Exit [BeforeEach] REST API Endpoints - /Users/anoopgopalakrishnan/workspace/oss/fern/fern-platform/acceptance-go/specs/api/rest_endpoints_test.go:22 @ 06/23/25 09:14:33.232 (0s)&#xA;&gt; Enter [It] should validate required fields when creating test run - /Users/anoopgopalakrishnan/workspace/oss/fern/fern-platform/acceptance-go/specs/api/rest_endpoints_test.go:350 @ 06/23/25 09:14:33.232&#xA;STEP: Attempting to create test run with missing required fields - /Users/anoopgopalakrishnan/workspace/oss/fern/fern-platform/acceptance-go/specs/api/rest_endpoints_test.go:357 @ 06/23/25 09:14:33.232&#xA;&lt; Exit [It] should validate required fields when creating test run - /Users/anoopgopalakrishnan/workspace/oss/fern/fern-platform/acceptance-go/specs/api/rest_endpoints_test.go:350 @ 06/23/25 09:14:33.234 (2ms)&#xA;</system-err>
          </testcase>
          <testcase name="[It] REST API Endpoints Performance and Load Testing should maintain consistent response times" classname="API Acceptance Test Suite" status="failed" time="0.00488425">
              <failure message="Unexpected error:&#xA;    &lt;*fmt.wrapError | 0x1400011c580&gt;: &#xA;    failed to decode response: json: cannot unmarshal number into Go struct field TestRun.data.id of type string&#xA;    {&#xA;        msg: &#34;failed to decode response: json: cannot unmarshal number into Go struct field TestRun.data.id of type string&#34;,&#xA;        err: &lt;*json.UnmarshalTypeError | 0x1400069e640&gt;{&#xA;            Value: &#34;number&#34;,&#xA;            Type: &lt;*reflect.rtype | 0x1018f1180&gt;{&#xA;                t: {Size_: 0x10, PtrBytes: 0x8, Hash: 2425858147, TFlag: 7, Align_: 8, FieldAlign_: 8, Kind_: 24, Equal: 0x100401e70, GCData: 1, Str: 24270, PtrToThis: 613312},&#xA;            },&#xA;            Offset: 16,&#xA;            Struct: &#34;TestRun&#34;,&#xA;            Field: &#34;data.id&#34;,&#xA;        },&#xA;    }&#xA;occurred" type="failed">[FAILED] Unexpected error:&#xA;    &lt;*fmt.wrapError | 0x1400011c580&gt;: &#xA;    failed to decode response: json: cannot unmarshal number into Go struct field TestRun.data.id of type string&#xA;    {&#xA;        msg: &#34;failed to decode response: json: cannot unmarshal number into Go struct field TestRun.data.id of type string&#34;,&#xA;        err: &lt;*json.UnmarshalTypeError | 0x1400069e640&gt;{&#xA;            Value: &#34;number&#34;,&#xA;            Type: &lt;*reflect.rtype | 0x1018f1180&gt;{&#xA;                t: {Size_: 0x10, PtrBytes: 0x8, Hash: 2425858147, TFlag: 7, Align_: 8, FieldAlign_: 8, Kind_: 24, Equal: 0x100401e70, GCData: 1, Str: 24270, PtrToThis: 613312},&#xA;            },&#xA;            Offset: 16,&#xA;            Struct: &#34;TestRun&#34;,&#xA;            Field: &#34;data.id&#34;,&#xA;        },&#xA;    }&#xA;occurred&#xA;In [It] at: /Users/anoopgopalakrishnan/workspace/oss/fern/fern-platform/acceptance-go/specs/api/rest_endpoints_test.go:452 @ 06/23/25 09:14:33.239&#xA;</failure>
              <system-err>&gt; Enter [BeforeEach] REST API Endpoints - /Users/anoopgopalakrishnan/workspace/oss/fern/fern-platform/acceptance-go/specs/api/rest_endpoints_test.go:22 @ 06/23/25 09:14:33.234&#xA;&lt; Exit [BeforeEach] REST API Endpoints - /Users/anoopgopalakrishnan/workspace/oss/fern/fern-platform/acceptance-go/specs/api/rest_endpoints_test.go:22 @ 06/23/25 09:14:33.234 (0s)&#xA;&gt; Enter [It] should maintain consistent response times - /Users/anoopgopalakrishnan/workspace/oss/fern/fern-platform/acceptance-go/specs/api/rest_endpoints_test.go:441 @ 06/23/25 09:14:33.234&#xA;STEP: Testing response time consistency - /Users/anoopgopalakrishnan/workspace/oss/fern/fern-platform/acceptance-go/specs/api/rest_endpoints_test.go:442 @ 06/23/25 09:14:33.234&#xA;[FAILED] Unexpected error:&#xA;    &lt;*fmt.wrapError | 0x1400011c580&gt;: &#xA;    failed to decode response: json: cannot unmarshal number into Go struct field TestRun.data.id of type string&#xA;    {&#xA;        msg: &#34;failed to decode response: json: cannot unmarshal number into Go struct field TestRun.data.id of type string&#34;,&#xA;        err: &lt;*json.UnmarshalTypeError | 0x1400069e640&gt;{&#xA;            Value: &#34;number&#34;,&#xA;            Type: &lt;*reflect.rtype | 0x1018f1180&gt;{&#xA;                t: {Size_: 0x10, PtrBytes: 0x8, Hash: 2425858147, TFlag: 7, Align_: 8, FieldAlign_: 8, Kind_: 24, Equal: 0x100401e70, GCData: 1, Str: 24270, PtrToThis: 613312},&#xA;            },&#xA;            Offset: 16,&#xA;            Struct: &#34;TestRun&#34;,&#xA;            Field: &#34;data.id&#34;,&#xA;        },&#xA;    }&#xA;occurred&#xA;In [It] at: /Users/anoopgopalakrishnan/workspace/oss/fern/fern-platform/acceptance-go/specs/api/rest_endpoints_test.go:452 @ 06/23/25 09:14:33.239&#xA;&lt; Exit [It] should maintain consistent response times - /Users/anoopgopalakrishnan/workspace/oss/fern/fern-platform/acceptance-go/specs/api/rest_endpoints_test.go:441 @ 06/23/25 09:14:33.239 (5ms)&#xA;</system-err>
          </testcase>
          <testcase name="[AfterSuite]" classname="API Acceptance Test Suite" status="passed" time="6.4417e-05">
              <system-out>✅ Test data cleanup completed for namespace: fern-api-test-1750695271-2&#xA;</system-out>
              <system-err>&gt; Enter [AfterSuite] TOP-LEVEL - /Users/anoopgopalakrishnan/workspace/oss/fern/fern-platform/acceptance-go/specs/api/api_suite_test.go:165 @ 06/23/25 09:14:33.239&#xA;STEP: Cleaning up API acceptance test suite - /Users/anoopgopalakrishnan/workspace/oss/fern/fern-platform/acceptance-go/specs/api/api_suite_test.go:166 @ 06/23/25 09:14:33.239&#xA;STEP: Cleaning up test data fixtures - /Users/anoopgopalakrishnan/workspace/oss/fern/fern-platform/acceptance-go/specs/api/api_suite_test.go:172 @ 06/23/25 09:14:33.239&#xA;STEP: ✅ API acceptance test suite cleanup complete - /Users/anoopgopalakrishnan/workspace/oss/fern/fern-platform/acceptance-go/specs/api/api_suite_test.go:189 @ 06/23/25 09:14:33.239&#xA;&lt; Exit [AfterSuite] TOP-LEVEL - /Users/anoopgopalakrishnan/workspace/oss/fern/fern-platform/acceptance-go/specs/api/api_suite_test.go:165 @ 06/23/25 09:14:33.239 (0s)&#xA;</system-err>
          </testcase>
          <testcase name="[BeforeSuite]" classname="API Acceptance Test Suite" status="passed" time="0.006902792">
              <system-out>✅ Initialized test data manager for existing platform&#xA;</system-out>
              <system-err>&gt; Enter [BeforeSuite] TOP-LEVEL - /Users/anoopgopalakrishnan/workspace/oss/fern/fern-platform/acceptance-go/specs/api/api_suite_test.go:59 @ 06/23/25 09:14:33.2&#xA;STEP: Setting up API acceptance test suite - /Users/anoopgopalakrishnan/workspace/oss/fern/fern-platform/acceptance-go/specs/api/api_suite_test.go:60 @ 06/23/25 09:14:33.2&#xA;STEP: Connecting to existing deployed fern-platform - /Users/anoopgopalakrishnan/workspace/oss/fern/fern-platform/acceptance-go/specs/api/api_suite_test.go:74 @ 06/23/25 09:14:33.2&#xA;STEP: Waiting for existing platform to be responsive - /Users/anoopgopalakrishnan/workspace/oss/fern/fern-platform/acceptance-go/specs/api/api_suite_test.go:90 @ 06/23/25 09:14:33.2&#xA;STEP: Using existing platform data (no new test data created) - /Users/anoopgopalakrishnan/workspace/oss/fern/fern-platform/acceptance-go/specs/api/api_suite_test.go:157 @ 06/23/25 09:14:33.206&#xA;STEP: Initializing with existing platform data - /Users/anoopgopalakrishnan/workspace/oss/fern/fern-platform/acceptance-go/specs/api/api_suite_test.go:159 @ 06/23/25 09:14:33.206&#xA;STEP: ✅ API acceptance test suite setup complete - /Users/anoopgopalakrishnan/workspace/oss/fern/fern-platform/acceptance-go/specs/api/api_suite_test.go:162 @ 06/23/25 09:14:33.206&#xA;&lt; Exit [BeforeSuite] TOP-LEVEL - /Users/anoopgopalakrishnan/workspace/oss/fern/fern-platform/acceptance-go/specs/api/api_suite_test.go:59 @ 06/23/25 09:14:33.206 (7ms)&#xA;</system-err>
          </testcase>
          <testcase name="[It] GraphQL API Schema and Introspection should expose valid GraphQL schema" classname="API Acceptance Test Suite" status="failed" time="0.00560375">
              <failure message="Unexpected error:&#xA;    &lt;*errors.errorString | 0x1400010e780&gt;: &#xA;    request failed with status 404: 404 page not found&#xA;    {&#xA;        s: &#34;request failed with status 404: 404 page not found&#34;,&#xA;    }&#xA;occurred" type="failed">[FAILED] Unexpected error:&#xA;    &lt;*errors.errorString | 0x1400010e780&gt;: &#xA;    request failed with status 404: 404 page not found&#xA;    {&#xA;        s: &#34;request failed with status 404: 404 page not found&#34;,&#xA;    }&#xA;occurred&#xA;In [It] at: /Users/anoopgopalakrishnan/workspace/oss/fern/fern-platform/acceptance-go/specs/api/graphql_test.go:32 @ 06/23/25 09:14:33.212&#xA;</failure>
              <system-err>&gt; Enter [BeforeEach] GraphQL API - /Users/anoopgopalakrishnan/workspace/oss/fern/fern-platform/acceptance-go/specs/api/graphql_test.go:22 @ 06/23/25 09:14:33.207&#xA;&lt; Exit [BeforeEach] GraphQL API - /Users/anoopgopalakrishnan/workspace/oss/fern/fern-platform/acceptance-go/specs/api/graphql_test.go:22 @ 06/23/25 09:14:33.207 (0s)&#xA;&gt; Enter [It] should expose valid GraphQL schema - /Users/anoopgopalakrishnan/workspace/oss/fern/fern-platform/acceptance-go/specs/api/graphql_test.go:29 @ 06/23/25 09:14:33.207&#xA;STEP: Performing introspection query - /Users/anoopgopalakrishnan/workspace/oss/fern/fern-platform/acceptance-go/specs/api/graphql_test.go:30 @ 06/23/25 09:14:33.207&#xA;[FAILED] Unexpected error:&#xA;    &lt;*errors.errorString | 0x1400010e780&gt;: &#xA;    request failed with status 404: 404 page not found&#xA;    {&#xA;        s: &#34;request failed with status 404: 404 page not found&#34;,&#xA;    }&#xA;occurred&#xA;In [It] at: /Users/anoopgopalakrishnan/workspace/oss/fern/fern-platform/acceptance-go/specs/api/graphql_test.go:32 @ 06/23/25 09:14:33.212&#xA;&lt; Exit [It] should expose valid GraphQL schema - /Users/anoopgopalakrishnan/workspace/oss/fern/fern-platform/acceptance-go/specs/api/graphql_test.go:29 @ 06/23/25 09:14:33.212 (5ms)&#xA;</system-err>
          </testcase>
          <testcase name="[It] GraphQL API Test Run Queries should filter test runs by status" classname="API Acceptance Test Suite" status="failed" time="0.001575333">
              <failure message="Unexpected error:&#xA;    &lt;*errors.errorString | 0x1400010e990&gt;: &#xA;    request failed with status 404: 404 page not found&#xA;    {&#xA;        s: &#34;request failed with status 404: 404 page not found&#34;,&#xA;    }&#xA;occurred" type="failed">[FAILED] Unexpected error:&#xA;    &lt;*errors.errorString | 0x1400010e990&gt;: &#xA;    request failed with status 404: 404 page not found&#xA;    {&#xA;        s: &#34;request failed with status 404: 404 page not found&#34;,&#xA;    }&#xA;occurred&#xA;In [It] at: /Users/anoopgopalakrishnan/workspace/oss/fern/fern-platform/acceptance-go/specs/api/graphql_test.go:280 @ 06/23/25 09:14:33.214&#xA;</failure>
              <system-err>&gt; Enter [BeforeEach] GraphQL API - /Users/anoopgopalakrishnan/workspace/oss/fern/fern-platform/acceptance-go/specs/api/graphql_test.go:22 @ 06/23/25 09:14:33.213&#xA;&lt; Exit [BeforeEach] GraphQL API - /Users/anoopgopalakrishnan/workspace/oss/fern/fern-platform/acceptance-go/specs/api/graphql_test.go:22 @ 06/23/25 09:14:33.213 (0s)&#xA;&gt; Enter [It] should filter test runs by status - /Users/anoopgopalakrishnan/workspace/oss/fern/fern-platform/acceptance-go/specs/api/graphql_test.go:267 @ 06/23/25 09:14:33.213&#xA;STEP: Filtering test runs by failed status - /Users/anoopgopalakrishnan/workspace/oss/fern/fern-platform/acceptance-go/specs/api/graphql_test.go:278 @ 06/23/25 09:14:33.213&#xA;[FAILED] Unexpected error:&#xA;    &lt;*errors.errorString | 0x1400010e990&gt;: &#xA;    request failed with status 404: 404 page not found&#xA;    {&#xA;        s: &#34;request failed with status 404: 404 page not found&#34;,&#xA;    }&#xA;occurred&#xA;In [It] at: /Users/anoopgopalakrishnan/workspace/oss/fern/fern-platform/acceptance-go/specs/api/graphql_test.go:280 @ 06/23/25 09:14:33.214&#xA;&lt; Exit [It] should filter test runs by status - /Users/anoopgopalakrishnan/workspace/oss/fern/fern-platform/acceptance-go/specs/api/graphql_test.go:267 @ 06/23/25 09:14:33.214 (1ms)&#xA;</system-err>
          </testcase>
          <testcase name="[It] GraphQL API Complex Queries and Performance should handle complex nested queries efficiently" classname="API Acceptance Test Suite" status="failed" time="0.001458084">
              <failure message="Unexpected error:&#xA;    &lt;*errors.errorString | 0x1400010ec30&gt;: &#xA;    request failed with status 404: 404 page not found&#xA;    {&#xA;        s: &#34;request failed with status 404: 404 page not found&#34;,&#xA;    }&#xA;occurred" type="failed">[FAILED] Unexpected error:&#xA;    &lt;*errors.errorString | 0x1400010ec30&gt;: &#xA;    request failed with status 404: 404 page not found&#xA;    {&#xA;        s: &#34;request failed with status 404: 404 page not found&#34;,&#xA;    }&#xA;occurred&#xA;In [It] at: /Users/anoopgopalakrishnan/workspace/oss/fern/fern-platform/acceptance-go/specs/api/graphql_test.go:376 @ 06/23/25 09:14:33.216&#xA;</failure>
              <system-err>&gt; Enter [BeforeEach] GraphQL API - /Users/anoopgopalakrishnan/workspace/oss/fern/fern-platform/acceptance-go/specs/api/graphql_test.go:22 @ 06/23/25 09:14:33.215&#xA;&lt; Exit [BeforeEach] GraphQL API - /Users/anoopgopalakrishnan/workspace/oss/fern/fern-platform/acceptance-go/specs/api/graphql_test.go:22 @ 06/23/25 09:14:33.215 (0s)&#xA;&gt; Enter [It] should handle complex nested queries efficiently - /Users/anoopgopalakrishnan/workspace/oss/fern/fern-platform/acceptance-go/specs/api/graphql_test.go:340 @ 06/23/25 09:14:33.215&#xA;STEP: Executing complex nested query - /Users/anoopgopalakrishnan/workspace/oss/fern/fern-platform/acceptance-go/specs/api/graphql_test.go:371 @ 06/23/25 09:14:33.215&#xA;[FAILED] Unexpected error:&#xA;    &lt;*errors.errorString | 0x1400010ec30&gt;: &#xA;    request failed with status 404: 404 page not found&#xA;    {&#xA;        s: &#34;request failed with status 404: 404 page not found&#34;,&#xA;    }&#xA;occurred&#xA;In [It] at: /Users/anoopgopalakrishnan/workspace/oss/fern/fern-platform/acceptance-go/specs/api/graphql_test.go:376 @ 06/23/25 09:14:33.216&#xA;&lt; Exit [It] should handle complex nested queries efficiently - /Users/anoopgopalakrishnan/workspace/oss/fern/fern-platform/acceptance-go/specs/api/graphql_test.go:340 @ 06/23/25 09:14:33.216 (1ms)&#xA;</system-err>
          </testcase>
          <testcase name="[It] GraphQL API Error Handling and Validation should handle malformed JSON gracefully" classname="API Acceptance Test Suite" status="failed" time="0.001383166">
              <failure message="Expected&#xA;    &lt;string&gt;: request failed with status 404: 404 page not found&#xA;to contain substring&#xA;    &lt;string&gt;: JSON" type="failed">[FAILED] Expected&#xA;    &lt;string&gt;: request failed with status 404: 404 page not found&#xA;to contain substring&#xA;    &lt;string&gt;: JSON&#xA;In [It] at: /Users/anoopgopalakrishnan/workspace/oss/fern/fern-platform/acceptance-go/specs/api/graphql_test.go:531 @ 06/23/25 09:14:33.218&#xA;</failure>
              <system-err>&gt; Enter [BeforeEach] GraphQL API - /Users/anoopgopalakrishnan/workspace/oss/fern/fern-platform/acceptance-go/specs/api/graphql_test.go:22 @ 06/23/25 09:14:33.217&#xA;&lt; Exit [BeforeEach] GraphQL API - /Users/anoopgopalakrishnan/workspace/oss/fern/fern-platform/acceptance-go/specs/api/graphql_test.go:22 @ 06/23/25 09:14:33.217 (0s)&#xA;&gt; Enter [It] should handle malformed JSON gracefully - /Users/anoopgopalakrishnan/workspace/oss/fern/fern-platform/acceptance-go/specs/api/graphql_test.go:526 @ 06/23/25 09:14:33.217&#xA;STEP: Sending malformed JSON request - /Users/anoopgopalakrishnan/workspace/oss/fern/fern-platform/acceptance-go/specs/api/graphql_test.go:527 @ 06/23/25 09:14:33.217&#xA;[FAILED] Expected&#xA;    &lt;string&gt;: request failed with status 404: 404 page not found&#xA;to contain substring&#xA;    &lt;string&gt;: JSON&#xA;In [It] at: /Users/anoopgopalakrishnan/workspace/oss/fern/fern-platform/acceptance-go/specs/api/graphql_test.go:531 @ 06/23/25 09:14:33.218&#xA;&lt; Exit [It] should handle malformed JSON gracefully - /Users/anoopgopalakrishnan/workspace/oss/fern/fern-platform/acceptance-go/specs/api/graphql_test.go:526 @ 06/23/25 09:14:33.218 (1ms)&#xA;</system-err>
          </testcase>
          <testcase name="[It] GraphQL API Security and Authorization should prevent SQL injection through GraphQL variables" classname="API Acceptance Test Suite" status="failed" time="0.001671542">
              <failure message="Unexpected error:&#xA;    &lt;*errors.errorString | 0x1400010ee40&gt;: &#xA;    request failed with status 404: 404 page not found&#xA;    {&#xA;        s: &#34;request failed with status 404: 404 page not found&#34;,&#xA;    }&#xA;occurred" type="failed">[FAILED] Unexpected error:&#xA;    &lt;*errors.errorString | 0x1400010ee40&gt;: &#xA;    request failed with status 404: 404 page not found&#xA;    {&#xA;        s: &#34;request failed with status 404: 404 page not found&#34;,&#xA;    }&#xA;occurred&#xA;In [It] at: /Users/anoopgopalakrishnan/workspace/oss/fern/fern-platform/acceptance-go/specs/api/graphql_test.go:552 @ 06/23/25 09:14:33.22&#xA;</failure>
              <system-err>&gt; Enter [BeforeEach] GraphQL API - /Users/anoopgopalakrishnan/workspace/oss/fern/fern-platform/acceptance-go/specs/api/graphql_test.go:22 @ 06/23/25 09:14:33.218&#xA;&lt; Exit [BeforeEach] GraphQL API - /Users/anoopgopalakrishnan/workspace/oss/fern/fern-platform/acceptance-go/specs/api/graphql_test.go:22 @ 06/23/25 09:14:33.218 (0s)&#xA;&gt; Enter [It] should prevent SQL injection through GraphQL variables - /Users/anoopgopalakrishnan/workspace/oss/fern/fern-platform/acceptance-go/specs/api/graphql_test.go:536 @ 06/23/25 09:14:33.219&#xA;STEP: Attempting SQL injection through GraphQL variables - /Users/anoopgopalakrishnan/workspace/oss/fern/fern-platform/acceptance-go/specs/api/graphql_test.go:550 @ 06/23/25 09:14:33.219&#xA;[FAILED] Unexpected error:&#xA;    &lt;*errors.errorString | 0x1400010ee40&gt;: &#xA;    request failed with status 404: 404 page not found&#xA;    {&#xA;        s: &#34;request failed with status 404: 404 page not found&#34;,&#xA;    }&#xA;occurred&#xA;In [It] at: /Users/anoopgopalakrishnan/workspace/oss/fern/fern-platform/acceptance-go/specs/api/graphql_test.go:552 @ 06/23/25 09:14:33.22&#xA;&lt; Exit [It] should prevent SQL injection through GraphQL variables - /Users/anoopgopalakrishnan/workspace/oss/fern/fern-platform/acceptance-go/specs/api/graphql_test.go:536 @ 06/23/25 09:14:33.22 (1ms)&#xA;</system-err>
          </testcase>
          <testcase name="[It] REST API Endpoints Test Runs API should filter by status" classname="API Acceptance Test Suite" status="passed" time="0.006288041">
              <system-err>&gt; Enter [BeforeEach] REST API Endpoints - /Users/anoopgopalakrishnan/workspace/oss/fern/fern-platform/acceptance-go/specs/api/rest_endpoints_test.go:22 @ 06/23/25 09:14:33.22&#xA;&lt; Exit [BeforeEach] REST API Endpoints - /Users/anoopgopalakrishnan/workspace/oss/fern/fern-platform/acceptance-go/specs/api/rest_endpoints_test.go:22 @ 06/23/25 09:14:33.22 (0s)&#xA;&gt; Enter [It] should filter by status - /Users/anoopgopalakrishnan/workspace/oss/fern/fern-platform/acceptance-go/specs/api/rest_endpoints_test.go:93 @ 06/23/25 09:14:33.221&#xA;STEP: Filtering test runs by failed status - /Users/anoopgopalakrishnan/workspace/oss/fern/fern-platform/acceptance-go/specs/api/rest_endpoints_test.go:94 @ 06/23/25 09:14:33.221&#xA;&lt; Exit [It] should filter by status - /Users/anoopgopalakrishnan/workspace/oss/fern/fern-platform/acceptance-go/specs/api/rest_endpoints_test.go:93 @ 06/23/25 09:14:33.227 (6ms)&#xA;</system-err>
          </testcase>
          <testcase name="[It] REST API Endpoints Test Runs API should handle invalid project ID gracefully" classname="API Acceptance Test Suite" status="failed" time="0.001963459">
              <failure message="Unexpected error:&#xA;    &lt;*fmt.wrapError | 0x140000baac0&gt;: &#xA;    failed to decode response: json: cannot unmarshal number into Go struct field TestRun.data.id of type string&#xA;    {&#xA;        msg: &#34;failed to decode response: json: cannot unmarshal number into Go struct field TestRun.data.id of type string&#34;,&#xA;        err: &lt;*json.UnmarshalTypeError | 0x140000ff0e0&gt;{&#xA;            Value: &#34;number&#34;,&#xA;            Type: &lt;*reflect.rtype | 0x1055ad180&gt;{&#xA;                t: {Size_: 0x10, PtrBytes: 0x8, Hash: 2425858147, TFlag: 7, Align_: 8, FieldAlign_: 8, Kind_: 24, Equal: 0x1040bde70, GCData: 1, Str: 24270, PtrToThis: 613312},&#xA;            },&#xA;            Offset: 16,&#xA;            Struct: &#34;TestRun&#34;,&#xA;            Field: &#34;data.id&#34;,&#xA;        },&#xA;    }&#xA;occurred" type="failed">[FAILED] Unexpected error:&#xA;    &lt;*fmt.wrapError | 0x140000baac0&gt;: &#xA;    failed to decode response: json: cannot unmarshal number into Go struct field TestRun.data.id of type string&#xA;    {&#xA;        msg: &#34;failed to decode response: json: cannot unmarshal number into Go struct field TestRun.data.id of type string&#34;,&#xA;        err: &lt;*json.UnmarshalTypeError | 0x140000ff0e0&gt;{&#xA;            Value: &#34;number&#34;,&#xA;            Type: &lt;*reflect.rtype | 0x1055ad180&gt;{&#xA;                t: {Size_: 0x10, PtrBytes: 0x8, Hash: 2425858147, TFlag: 7, Align_: 8, FieldAlign_: 8, Kind_: 24, Equal: 0x1040bde70, GCData: 1, Str: 24270, PtrToThis: 613312},&#xA;            },&#xA;            Offset: 16,&#xA;            Struct: &#34;TestRun&#34;,&#xA;            Field: &#34;data.id&#34;,&#xA;        },&#xA;    }&#xA;occurred&#xA;In [It] at: /Users/anoopgopalakrishnan/workspace/oss/fern/fern-platform/acceptance-go/specs/api/rest_endpoints_test.go:190 @ 06/23/25 09:14:33.229&#xA;</failure>
              <system-err>&gt; Enter [BeforeEach] REST API Endpoints - /Users/anoopgopalakrishnan/workspace/oss/fern/fern-platform/acceptance-go/specs/api/rest_endpoints_test.go:22 @ 06/23/25 09:14:33.227&#xA;&lt; Exit [BeforeEach] REST API Endpoints - /Users/anoopgopalakrishnan/workspace/oss/fern/fern-platform/acceptance-go/specs/api/rest_endpoints_test.go:22 @ 06/23/25 09:14:33.227 (0s)&#xA;&gt; Enter [It] should handle invalid project ID gracefully - /Users/anoopgopalakrishnan/workspace/oss/fern/fern-platform/acceptance-go/specs/api/rest_endpoints_test.go:181 @ 06/23/25 09:14:33.227&#xA;STEP: Testing with invalid project ID - /Users/anoopgopalakrishnan/workspace/oss/fern/fern-platform/acceptance-go/specs/api/rest_endpoints_test.go:182 @ 06/23/25 09:14:33.227&#xA;[FAILED] Unexpected error:&#xA;    &lt;*fmt.wrapError | 0x140000baac0&gt;: &#xA;    failed to decode response: json: cannot unmarshal number into Go struct field TestRun.data.id of type string&#xA;    {&#xA;        msg: &#34;failed to decode response: json: cannot unmarshal number into Go struct field TestRun.data.id of type string&#34;,&#xA;        err: &lt;*json.UnmarshalTypeError | 0x140000ff0e0&gt;{&#xA;            Value: &#34;number&#34;,&#xA;            Type: &lt;*reflect.rtype | 0x1055ad180&gt;{&#xA;                t: {Size_: 0x10, PtrBytes: 0x8, Hash: 2425858147, TFlag: 7, Align_: 8, FieldAlign_: 8, Kind_: 24, Equal: 0x1040bde70, GCData: 1, Str: 24270, PtrToThis: 613312},&#xA;            },&#xA;            Offset: 16,&#xA;            Struct: &#34;TestRun&#34;,&#xA;            Field: &#34;data.id&#34;,&#xA;        },&#xA;    }&#xA;occurred&#xA;In [It] at: /Users/anoopgopalakrishnan/workspace/oss/fern/fern-platform/acceptance-go/specs/api/rest_endpoints_test.go:190 @ 06/23/25 09:14:33.229&#xA;&lt; Exit [It] should handle invalid project ID gracefully - /Users/anoopgopalakrishnan/workspace/oss/fern/fern-platform/acceptance-go/specs/api/rest_endpoints_test.go:181 @ 06/23/25 09:14:33.229 (2ms)&#xA;</system-err>
          </testcase>
          <testcase name="[It] REST API Endpoints Individual Test Run API should retrieve specific test run by ID" classname="API Acceptance Test Suite" status="failed" time="0.000199542">
              <failure message="Expected&#xA;    &lt;int&gt;: 0&#xA;to be &gt;&#xA;    &lt;int&gt;: 0" type="failed">[FAILED] Expected&#xA;    &lt;int&gt;: 0&#xA;to be &gt;&#xA;    &lt;int&gt;: 0&#xA;In [It] at: /Users/anoopgopalakrishnan/workspace/oss/fern/fern-platform/acceptance-go/specs/api/rest_endpoints_test.go:199 @ 06/23/25 09:14:33.229&#xA;</failure>
              <system-err>&gt; Enter [BeforeEach] REST API Endpoints - /Users/anoopgopalakrishnan/workspace/oss/fern/fern-platform/acceptance-go/specs/api/rest_endpoints_test.go:22 @ 06/23/25 09:14:33.229&#xA;&lt; Exit [BeforeEach] REST API Endpoints - /Users/anoopgopalakrishnan/workspace/oss/fern/fern-platform/acceptance-go/specs/api/rest_endpoints_test.go:22 @ 06/23/25 09:14:33.229 (0s)&#xA;&gt; Enter [It] should retrieve specific test run by ID - /Users/anoopgopalakrishnan/workspace/oss/fern/fern-platform/acceptance-go/specs/api/rest_endpoints_test.go:196 @ 06/23/25 09:14:33.229&#xA;[FAILED] Expected&#xA;    &lt;int&gt;: 0&#xA;to be &gt;&#xA;    &lt;int&gt;: 0&#xA;In [It] at: /Users/anoopgopalakrishnan/workspace/oss/fern/fern-platform/acceptance-go/specs/api/rest_endpoints_test.go:199 @ 06/23/25 09:14:33.229&#xA;&lt; Exit [It] should retrieve specific test run by ID - /Users/anoopgopalakrishnan/workspace/oss/fern/fern-platform/acceptance-go/specs/api/rest_endpoints_test.go:196 @ 06/23/25 09:14:33.229 (0s)&#xA;</system-err>
          </testcase>
          <testcase name="[It] REST API Endpoints Individual Test Run API should include spec runs in detailed view" classname="API Acceptance Test Suite" status="failed" time="0.000199875">
              <failure message="Expected&#xA;    &lt;int&gt;: 0&#xA;to be &gt;&#xA;    &lt;int&gt;: 0" type="failed">[FAILED] Expected&#xA;    &lt;int&gt;: 0&#xA;to be &gt;&#xA;    &lt;int&gt;: 0&#xA;In [It] at: /Users/anoopgopalakrishnan/workspace/oss/fern/fern-platform/acceptance-go/specs/api/rest_endpoints_test.go:221 @ 06/23/25 09:14:33.23&#xA;</failure>
              <system-err>&gt; Enter [BeforeEach] REST API Endpoints - /Users/anoopgopalakrishnan/workspace/oss/fern/fern-platform/acceptance-go/specs/api/rest_endpoints_test.go:22 @ 06/23/25 09:14:33.23&#xA;&lt; Exit [BeforeEach] REST API Endpoints - /Users/anoopgopalakrishnan/workspace/oss/fern/fern-platform/acceptance-go/specs/api/rest_endpoints_test.go:22 @ 06/23/25 09:14:33.23 (0s)&#xA;&gt; Enter [It] should include spec runs in detailed view - /Users/anoopgopalakrishnan/workspace/oss/fern/fern-platform/acceptance-go/specs/api/rest_endpoints_test.go:218 @ 06/23/25 09:14:33.23&#xA;[FAILED] Expected&#xA;    &lt;int&gt;: 0&#xA;to be &gt;&#xA;    &lt;int&gt;: 0&#xA;In [It] at: /Users/anoopgopalakrishnan/workspace/oss/fern/fern-platform/acceptance-go/specs/api/rest_endpoints_test.go:221 @ 06/23/25 09:14:33.23&#xA;&lt; Exit [It] should include spec runs in detailed view - /Users/anoopgopalakrishnan/workspace/oss/fern/fern-platform/acceptance-go/specs/api/rest_endpoints_test.go:218 @ 06/23/25 09:14:33.23 (0s)&#xA;</system-err>
          </testcase>
          <testcase name="[It] REST API Endpoints Projects API should return proper project structure" classname="API Acceptance Test Suite" status="passed" time="0.001523625">
              <system-err>&gt; Enter [BeforeEach] REST API Endpoints - /Users/anoopgopalakrishnan/workspace/oss/fern/fern-platform/acceptance-go/specs/api/rest_endpoints_test.go:22 @ 06/23/25 09:14:33.23&#xA;&lt; Exit [BeforeEach] REST API Endpoints - /Users/anoopgopalakrishnan/workspace/oss/fern/fern-platform/acceptance-go/specs/api/rest_endpoints_test.go:22 @ 06/23/25 09:14:33.23 (0s)&#xA;&gt; Enter [It] should return proper project structure - /Users/anoopgopalakrishnan/workspace/oss/fern/fern-platform/acceptance-go/specs/api/rest_endpoints_test.go:259 @ 06/23/25 09:14:33.23&#xA;STEP: Verifying project response structure - /Users/anoopgopalakrishnan/workspace/oss/fern/fern-platform/acceptance-go/specs/api/rest_endpoints_test.go:260 @ 06/23/25 09:14:33.23&#xA;&lt; Exit [It] should return proper project structure - /Users/anoopgopalakrishnan/workspace/oss/fern/fern-platform/acceptance-go/specs/api/rest_endpoints_test.go:259 @ 06/23/25 09:14:33.231 (1ms)&#xA;</system-err>
          </testcase>
          <testcase name="[It] REST API Endpoints Data Creation APIs should create a new project" classname="API Acceptance Test Suite" status="failed" time="0.001685833">
              <failure message="Unexpected error:&#xA;    &lt;*errors.errorString | 0x14000612190&gt;: &#xA;    API request failed with status 500: {&#34;error&#34;:&#34;project with ID  already exists&#34;}&#xA;    {&#xA;        s: &#34;API request failed with status 500: {\&#34;error\&#34;:\&#34;project with ID  already exists\&#34;}&#34;,&#xA;    }&#xA;occurred" type="failed">[FAILED] Unexpected error:&#xA;    &lt;*errors.errorString | 0x14000612190&gt;: &#xA;    API request failed with status 500: {&#34;error&#34;:&#34;project with ID  already exists&#34;}&#xA;    {&#xA;        s: &#34;API request failed with status 500: {\&#34;error\&#34;:\&#34;project with ID  already exists\&#34;}&#34;,&#xA;    }&#xA;occurred&#xA;In [It] at: /Users/anoopgopalakrishnan/workspace/oss/fern/fern-platform/acceptance-go/specs/api/rest_endpoints_test.go:341 @ 06/23/25 09:14:33.233&#xA;</failure>
              <system-err>&gt; Enter [BeforeEach] REST API Endpoints - /Users/anoopgopalakrishnan/workspace/oss/fern/fern-platform/acceptance-go/specs/api/rest_endpoints_test.go:22 @ 06/23/25 09:14:33.232&#xA;&lt; Exit [BeforeEach] REST API Endpoints - /Users/anoopgopalakrishnan/workspace/oss/fern/fern-platform/acceptance-go/specs/api/rest_endpoints_test.go:22 @ 06/23/25 09:14:33.232 (0s)&#xA;&gt; Enter [It] should create a new project - /Users/anoopgopalakrishnan/workspace/oss/fern/fern-platform/acceptance-go/specs/api/rest_endpoints_test.go:331 @ 06/23/25 09:14:33.232&#xA;STEP: Creating a new project - /Users/anoopgopalakrishnan/workspace/oss/fern/fern-platform/acceptance-go/specs/api/rest_endpoints_test.go:338 @ 06/23/25 09:14:33.232&#xA;[FAILED] Unexpected error:&#xA;    &lt;*errors.errorString | 0x14000612190&gt;: &#xA;    API request failed with status 500: {&#34;error&#34;:&#34;project with ID  already exists&#34;}&#xA;    {&#xA;        s: &#34;API request failed with status 500: {\&#34;error\&#34;:\&#34;project with ID  already exists\&#34;}&#34;,&#xA;    }&#xA;occurred&#xA;In [It] at: /Users/anoopgopalakrishnan/workspace/oss/fern/fern-platform/acceptance-go/specs/api/rest_endpoints_test.go:341 @ 06/23/25 09:14:33.233&#xA;&lt; Exit [It] should create a new project - /Users/anoopgopalakrishnan/workspace/oss/fern/fern-platform/acceptance-go/specs/api/rest_endpoints_test.go:331 @ 06/23/25 09:14:33.233 (2ms)&#xA;</system-err>
          </testcase>
          <testcase name="[It] REST API Endpoints Performance and Load Testing should handle large result sets efficiently" classname="API Acceptance Test Suite" status="failed" time="0.003053125">
              <failure message="Unexpected error:&#xA;    &lt;*fmt.wrapError | 0x14000112460&gt;: &#xA;    failed to decode response: json: cannot unmarshal number into Go struct field TestRun.data.id of type string&#xA;    {&#xA;        msg: &#34;failed to decode response: json: cannot unmarshal number into Go struct field TestRun.data.id of type string&#34;,&#xA;        err: &lt;*json.UnmarshalTypeError | 0x14000431220&gt;{&#xA;            Value: &#34;number&#34;,&#xA;            Type: &lt;*reflect.rtype | 0x1055ad180&gt;{&#xA;                t: {Size_: 0x10, PtrBytes: 0x8, Hash: 2425858147, TFlag: 7, Align_: 8, FieldAlign_: 8, Kind_: 24, Equal: 0x1040bde70, GCData: 1, Str: 24270, PtrToThis: 613312},&#xA;            },&#xA;            Offset: 16,&#xA;            Struct: &#34;TestRun&#34;,&#xA;            Field: &#34;data.id&#34;,&#xA;        },&#xA;    }&#xA;occurred" type="failed">[FAILED] Unexpected error:&#xA;    &lt;*fmt.wrapError | 0x14000112460&gt;: &#xA;    failed to decode response: json: cannot unmarshal number into Go struct field TestRun.data.id of type string&#xA;    {&#xA;        msg: &#34;failed to decode response: json: cannot unmarshal number into Go struct field TestRun.data.id of type string&#34;,&#xA;        err: &lt;*json.UnmarshalTypeError | 0x14000431220&gt;{&#xA;            Value: &#34;number&#34;,&#xA;            Type: &lt;*reflect.rtype | 0x1055ad180&gt;{&#xA;                t: {Size_: 0x10, PtrBytes: 0x8, Hash: 2425858147, TFlag: 7, Align_: 8, FieldAlign_: 8, Kind_: 24, Equal: 0x1040bde70, GCData: 1, Str: 24270, PtrToThis: 613312},&#xA;            },&#xA;            Offset: 16,&#xA;            Struct: &#34;TestRun&#34;,&#xA;            Field: &#34;data.id&#34;,&#xA;        },&#xA;    }&#xA;occurred&#xA;In [It] at: /Users/anoopgopalakrishnan/workspace/oss/fern/fern-platform/acceptance-go/specs/api/rest_endpoints_test.go:435 @ 06/23/25 09:14:33.237&#xA;</failure>
              <system-err>&gt; Enter [BeforeEach] REST API Endpoints - /Users/anoopgopalakrishnan/workspace/oss/fern/fern-platform/acceptance-go/specs/api/rest_endpoints_test.go:22 @ 06/23/25 09:14:33.234&#xA;&lt; Exit [BeforeEach] REST API Endpoints - /Users/anoopgopalakrishnan/workspace/oss/fern/fern-platform/acceptance-go/specs/api/rest_endpoints_test.go:22 @ 06/23/25 09:14:33.234 (0s)&#xA;&gt; Enter [It] should handle large result sets efficiently - /Users/anoopgopalakrishnan/workspace/oss/fern/fern-platform/acceptance-go/specs/api/rest_endpoints_test.go:425 @ 06/23/25 09:14:33.234&#xA;STEP: Requesting large result set - /Users/anoopgopalakrishnan/workspace/oss/fern/fern-platform/acceptance-go/specs/api/rest_endpoints_test.go:426 @ 06/23/25 09:14:33.234&#xA;[FAILED] Unexpected error:&#xA;    &lt;*fmt.wrapError | 0x14000112460&gt;: &#xA;    failed to decode response: json: cannot unmarshal number into Go struct field TestRun.data.id of type string&#xA;    {&#xA;        msg: &#34;failed to decode response: json: cannot unmarshal number into Go struct field TestRun.data.id of type string&#34;,&#xA;        err: &lt;*json.UnmarshalTypeError | 0x14000431220&gt;{&#xA;            Value: &#34;number&#34;,&#xA;            Type: &lt;*reflect.rtype | 0x1055ad180&gt;{&#xA;                t: {Size_: 0x10, PtrBytes: 0x8, Hash: 2425858147, TFlag: 7, Align_: 8, FieldAlign_: 8, Kind_: 24, Equal: 0x1040bde70, GCData: 1, Str: 24270, PtrToThis: 613312},&#xA;            },&#xA;            Offset: 16,&#xA;            Struct: &#34;TestRun&#34;,&#xA;            Field: &#34;data.id&#34;,&#xA;        },&#xA;    }&#xA;occurred&#xA;In [It] at: /Users/anoopgopalakrishnan/workspace/oss/fern/fern-platform/acceptance-go/specs/api/rest_endpoints_test.go:435 @ 06/23/25 09:14:33.237&#xA;&lt; Exit [It] should handle large result sets efficiently - /Users/anoopgopalakrishnan/workspace/oss/fern/fern-platform/acceptance-go/specs/api/rest_endpoints_test.go:425 @ 06/23/25 09:14:33.237 (3ms)&#xA;</system-err>
          </testcase>
          <testcase name="[It] REST API Endpoints Error Handling should timeout appropriately for slow requests" classname="API Acceptance Test Suite" status="failed" time="0.002907417">
              <failure message="Expected&#xA;    &lt;string&gt;: failed to decode response: json: cannot unmarshal number into Go struct field TestRun.data.id of type string&#xA;to contain substring&#xA;    &lt;string&gt;: timeout" type="failed">[FAILED] Expected&#xA;    &lt;string&gt;: failed to decode response: json: cannot unmarshal number into Go struct field TestRun.data.id of type string&#xA;to contain substring&#xA;    &lt;string&gt;: timeout&#xA;In [It] at: /Users/anoopgopalakrishnan/workspace/oss/fern/fern-platform/acceptance-go/specs/api/rest_endpoints_test.go:499 @ 06/23/25 09:14:33.24&#xA;</failure>
              <system-err>&gt; Enter [BeforeEach] REST API Endpoints - /Users/anoopgopalakrishnan/workspace/oss/fern/fern-platform/acceptance-go/specs/api/rest_endpoints_test.go:22 @ 06/23/25 09:14:33.237&#xA;&lt; Exit [BeforeEach] REST API Endpoints - /Users/anoopgopalakrishnan/workspace/oss/fern/fern-platform/acceptance-go/specs/api/rest_endpoints_test.go:22 @ 06/23/25 09:14:33.237 (0s)&#xA;&gt; Enter [It] should timeout appropriately for slow requests - /Users/anoopgopalakrishnan/workspace/oss/fern/fern-platform/acceptance-go/specs/api/rest_endpoints_test.go:488 @ 06/23/25 09:14:33.237&#xA;STEP: Testing request timeout - /Users/anoopgopalakrishnan/workspace/oss/fern/fern-platform/acceptance-go/specs/api/rest_endpoints_test.go:492 @ 06/23/25 09:14:33.237&#xA;[FAILED] Expected&#xA;    &lt;string&gt;: failed to decode response: json: cannot unmarshal number into Go struct field TestRun.data.id of type string&#xA;to contain substring&#xA;    &lt;string&gt;: timeout&#xA;In [It] at: /Users/anoopgopalakrishnan/workspace/oss/fern/fern-platform/acceptance-go/specs/api/rest_endpoints_test.go:499 @ 06/23/25 09:14:33.24&#xA;&lt; Exit [It] should timeout appropriately for slow requests - /Users/anoopgopalakrishnan/workspace/oss/fern/fern-platform/acceptance-go/specs/api/rest_endpoints_test.go:488 @ 06/23/25 09:14:33.24 (3ms)&#xA;</system-err>
          </testcase>
          <testcase name="[AfterSuite]" classname="API Acceptance Test Suite" status="passed" time="7.0875e-05">
              <system-out>✅ Test data cleanup completed for namespace: fern-api-test-1750695271-3&#xA;</system-out>
              <system-err>&gt; Enter [AfterSuite] TOP-LEVEL - /Users/anoopgopalakrishnan/workspace/oss/fern/fern-platform/acceptance-go/specs/api/api_suite_test.go:165 @ 06/23/25 09:14:33.24&#xA;STEP: Cleaning up API acceptance test suite - /Users/anoopgopalakrishnan/workspace/oss/fern/fern-platform/acceptance-go/specs/api/api_suite_test.go:166 @ 06/23/25 09:14:33.24&#xA;STEP: Cleaning up test data fixtures - /Users/anoopgopalakrishnan/workspace/oss/fern/fern-platform/acceptance-go/specs/api/api_suite_test.go:172 @ 06/23/25 09:14:33.24&#xA;STEP: ✅ API acceptance test suite cleanup complete - /Users/anoopgopalakrishnan/workspace/oss/fern/fern-platform/acceptance-go/specs/api/api_suite_test.go:189 @ 06/23/25 09:14:33.24&#xA;&lt; Exit [AfterSuite] TOP-LEVEL - /Users/anoopgopalakrishnan/workspace/oss/fern/fern-platform/acceptance-go/specs/api/api_suite_test.go:165 @ 06/23/25 09:14:33.24 (0s)&#xA;</system-err>
          </testcase>
          <testcase name="[BeforeSuite]" classname="API Acceptance Test Suite" status="passed" time="0.0075935">
              <system-out>✅ Initialized test data manager for existing platform&#xA;</system-out>
              <system-err>&gt; Enter [BeforeSuite] TOP-LEVEL - /Users/anoopgopalakrishnan/workspace/oss/fern/fern-platform/acceptance-go/specs/api/api_suite_test.go:59 @ 06/23/25 09:14:33.199&#xA;STEP: Setting up API acceptance test suite - /Users/anoopgopalakrishnan/workspace/oss/fern/fern-platform/acceptance-go/specs/api/api_suite_test.go:60 @ 06/23/25 09:14:33.2&#xA;STEP: Connecting to existing deployed fern-platform - /Users/anoopgopalakrishnan/workspace/oss/fern/fern-platform/acceptance-go/specs/api/api_suite_test.go:74 @ 06/23/25 09:14:33.2&#xA;STEP: Waiting for existing platform to be responsive - /Users/anoopgopalakrishnan/workspace/oss/fern/fern-platform/acceptance-go/specs/api/api_suite_test.go:90 @ 06/23/25 09:14:33.2&#xA;STEP: Using existing platform data (no new test data created) - /Users/anoopgopalakrishnan/workspace/oss/fern/fern-platform/acceptance-go/specs/api/api_suite_test.go:157 @ 06/23/25 09:14:33.207&#xA;STEP: Initializing with existing platform data - /Users/anoopgopalakrishnan/workspace/oss/fern/fern-platform/acceptance-go/specs/api/api_suite_test.go:159 @ 06/23/25 09:14:33.207&#xA;STEP: ✅ API acceptance test suite setup complete - /Users/anoopgopalakrishnan/workspace/oss/fern/fern-platform/acceptance-go/specs/api/api_suite_test.go:162 @ 06/23/25 09:14:33.207&#xA;&lt; Exit [BeforeSuite] TOP-LEVEL - /Users/anoopgopalakrishnan/workspace/oss/fern/fern-platform/acceptance-go/specs/api/api_suite_test.go:59 @ 06/23/25 09:14:33.207 (7ms)&#xA;</system-err>
          </testcase>
          <testcase name="[It] GraphQL API Schema and Introspection should have proper field definitions for TestRun type" classname="API Acceptance Test Suite" status="failed" time="0.004949417">
              <failure message="Unexpected error:&#xA;    &lt;*fmt.wrapError | 0x1400058e2a0&gt;: &#xA;    failed to get schema: introspection failed: request failed with status 404: 404 page not found&#xA;    {&#xA;        msg: &#34;failed to get schema: introspection failed: request failed with status 404: 404 page not found&#34;,&#xA;        err: &lt;*fmt.wrapError | 0x1400058e280&gt;{&#xA;            msg: &#34;introspection failed: request failed with status 404: 404 page not found&#34;,&#xA;            err: &lt;*errors.errorString | 0x14000592610&gt;{&#xA;                s: &#34;request failed with status 404: 404 page not found&#34;,&#xA;            },&#xA;        },&#xA;    }&#xA;occurred" type="failed">[FAILED] Unexpected error:&#xA;    &lt;*fmt.wrapError | 0x1400058e2a0&gt;: &#xA;    failed to get schema: introspection failed: request failed with status 404: 404 page not found&#xA;    {&#xA;        msg: &#34;failed to get schema: introspection failed: request failed with status 404: 404 page not found&#34;,&#xA;        err: &lt;*fmt.wrapError | 0x1400058e280&gt;{&#xA;            msg: &#34;introspection failed: request failed with status 404: 404 page not found&#34;,&#xA;            err: &lt;*errors.errorString | 0x14000592610&gt;{&#xA;                s: &#34;request failed with status 404: 404 page not found&#34;,&#xA;            },&#xA;        },&#xA;    }&#xA;occurred&#xA;In [It] at: /Users/anoopgopalakrishnan/workspace/oss/fern/fern-platform/acceptance-go/specs/api/graphql_test.go:77 @ 06/23/25 09:14:33.212&#xA;</failure>
              <system-err>&gt; Enter [BeforeEach] GraphQL API - /Users/anoopgopalakrishnan/workspace/oss/fern/fern-platform/acceptance-go/specs/api/graphql_test.go:22 @ 06/23/25 09:14:33.208&#xA;&lt; Exit [BeforeEach] GraphQL API - /Users/anoopgopalakrishnan/workspace/oss/fern/fern-platform/acceptance-go/specs/api/graphql_test.go:22 @ 06/23/25 09:14:33.208 (0s)&#xA;&gt; Enter [It] should have proper field definitions for TestRun type - /Users/anoopgopalakrishnan/workspace/oss/fern/fern-platform/acceptance-go/specs/api/graphql_test.go:74 @ 06/23/25 09:14:33.208&#xA;STEP: Getting TestRun type information - /Users/anoopgopalakrishnan/workspace/oss/fern/fern-platform/acceptance-go/specs/api/graphql_test.go:75 @ 06/23/25 09:14:33.208&#xA;[FAILED] Unexpected error:&#xA;    &lt;*fmt.wrapError | 0x1400058e2a0&gt;: &#xA;    failed to get schema: introspection failed: request failed with status 404: 404 page not found&#xA;    {&#xA;        msg: &#34;failed to get schema: introspection failed: request failed with status 404: 404 page not found&#34;,&#xA;        err: &lt;*fmt.wrapError | 0x1400058e280&gt;{&#xA;            msg: &#34;introspection failed: request failed with status 404: 404 page not found&#34;,&#xA;            err: &lt;*errors.errorString | 0x14000592610&gt;{&#xA;                s: &#34;request failed with status 404: 404 page not found&#34;,&#xA;            },&#xA;        },&#xA;    }&#xA;occurred&#xA;In [It] at: /Users/anoopgopalakrishnan/workspace/oss/fern/fern-platform/acceptance-go/specs/api/graphql_test.go:77 @ 06/23/25 09:14:33.212&#xA;&lt; Exit [It] should have proper field definitions for TestRun type - /Users/anoopgopalakrishnan/workspace/oss/fern/fern-platform/acceptance-go/specs/api/graphql_test.go:74 @ 06/23/25 09:14:33.212 (5ms)&#xA;</system-err>
          </testcase>
          <testcase name="[It] GraphQL API Test Run Queries should fetch test runs with basic query" classname="API Acceptance Test Suite" status="failed" time="0.001710583">
              <failure message="Unexpected error:&#xA;    &lt;*errors.errorString | 0x140004c4b00&gt;: &#xA;    request failed with status 404: 404 page not found&#xA;    {&#xA;        s: &#34;request failed with status 404: 404 page not found&#34;,&#xA;    }&#xA;occurred" type="failed">[FAILED] Unexpected error:&#xA;    &lt;*errors.errorString | 0x140004c4b00&gt;: &#xA;    request failed with status 404: 404 page not found&#xA;    {&#xA;        s: &#34;request failed with status 404: 404 page not found&#34;,&#xA;    }&#xA;occurred&#xA;In [It] at: /Users/anoopgopalakrishnan/workspace/oss/fern/fern-platform/acceptance-go/specs/api/graphql_test.go:146 @ 06/23/25 09:14:33.214&#xA;</failure>
              <system-err>&gt; Enter [BeforeEach] GraphQL API - /Users/anoopgopalakrishnan/workspace/oss/fern/fern-platform/acceptance-go/specs/api/graphql_test.go:22 @ 06/23/25 09:14:33.213&#xA;&lt; Exit [BeforeEach] GraphQL API - /Users/anoopgopalakrishnan/workspace/oss/fern/fern-platform/acceptance-go/specs/api/graphql_test.go:22 @ 06/23/25 09:14:33.213 (0s)&#xA;&gt; Enter [It] should fetch test runs with basic query - /Users/anoopgopalakrishnan/workspace/oss/fern/fern-platform/acceptance-go/specs/api/graphql_test.go:125 @ 06/23/25 09:14:33.213&#xA;STEP: Executing basic test runs query - /Users/anoopgopalakrishnan/workspace/oss/fern/fern-platform/acceptance-go/specs/api/graphql_test.go:141 @ 06/23/25 09:14:33.213&#xA;[FAILED] Unexpected error:&#xA;    &lt;*errors.errorString | 0x140004c4b00&gt;: &#xA;    request failed with status 404: 404 page not found&#xA;    {&#xA;        s: &#34;request failed with status 404: 404 page not found&#34;,&#xA;    }&#xA;occurred&#xA;In [It] at: /Users/anoopgopalakrishnan/workspace/oss/fern/fern-platform/acceptance-go/specs/api/graphql_test.go:146 @ 06/23/25 09:14:33.214&#xA;&lt; Exit [It] should fetch test runs with basic query - /Users/anoopgopalakrishnan/workspace/oss/fern/fern-platform/acceptance-go/specs/api/graphql_test.go:125 @ 06/23/25 09:14:33.214 (1ms)&#xA;</system-err>
          </testcase>
          <testcase name="[It] GraphQL API Complex Queries and Performance should implement proper N+1 query prevention" classname="API Acceptance Test Suite" status="failed" time="0.00141075">
              <failure message="Unexpected error:&#xA;    &lt;*errors.errorString | 0x14000592ae0&gt;: &#xA;    request failed with status 404: 404 page not found&#xA;    {&#xA;        s: &#34;request failed with status 404: 404 page not found&#34;,&#xA;    }&#xA;occurred" type="failed">[FAILED] Unexpected error:&#xA;    &lt;*errors.errorString | 0x14000592ae0&gt;: &#xA;    request failed with status 404: 404 page not found&#xA;    {&#xA;        s: &#34;request failed with status 404: 404 page not found&#34;,&#xA;    }&#xA;occurred&#xA;In [It] at: /Users/anoopgopalakrishnan/workspace/oss/fern/fern-platform/acceptance-go/specs/api/graphql_test.go:421 @ 06/23/25 09:14:33.216&#xA;</failure>
              <system-err>&gt; Enter [BeforeEach] GraphQL API - /Users/anoopgopalakrishnan/workspace/oss/fern/fern-platform/acceptance-go/specs/api/graphql_test.go:22 @ 06/23/25 09:14:33.215&#xA;&lt; Exit [BeforeEach] GraphQL API - /Users/anoopgopalakrishnan/workspace/oss/fern/fern-platform/acceptance-go/specs/api/graphql_test.go:22 @ 06/23/25 09:14:33.215 (0s)&#xA;&gt; Enter [It] should implement proper N+1 query prevention - /Users/anoopgopalakrishnan/workspace/oss/fern/fern-platform/acceptance-go/specs/api/graphql_test.go:402 @ 06/23/25 09:14:33.215&#xA;STEP: Executing query that could cause N+1 problem - /Users/anoopgopalakrishnan/workspace/oss/fern/fern-platform/acceptance-go/specs/api/graphql_test.go:416 @ 06/23/25 09:14:33.215&#xA;[FAILED] Unexpected error:&#xA;    &lt;*errors.errorString | 0x14000592ae0&gt;: &#xA;    request failed with status 404: 404 page not found&#xA;    {&#xA;        s: &#34;request failed with status 404: 404 page not found&#34;,&#xA;    }&#xA;occurred&#xA;In [It] at: /Users/anoopgopalakrishnan/workspace/oss/fern/fern-platform/acceptance-go/specs/api/graphql_test.go:421 @ 06/23/25 09:14:33.216&#xA;&lt; Exit [It] should implement proper N+1 query prevention - /Users/anoopgopalakrishnan/workspace/oss/fern/fern-platform/acceptance-go/specs/api/graphql_test.go:402 @ 06/23/25 09:14:33.216 (1ms)&#xA;</system-err>
          </testcase>
          <testcase name="[It] GraphQL API Error Handling and Validation should handle invalid variable types" classname="API Acceptance Test Suite" status="failed" time="0.001587166">
              <failure message="Unexpected error:&#xA;    &lt;*errors.errorString | 0x14000592d00&gt;: &#xA;    request failed with status 404: 404 page not found&#xA;    {&#xA;        s: &#34;request failed with status 404: 404 page not found&#34;,&#xA;    }&#xA;occurred" type="failed">[FAILED] Unexpected error:&#xA;    &lt;*errors.errorString | 0x14000592d00&gt;: &#xA;    request failed with status 404: 404 page not found&#xA;    {&#xA;        s: &#34;request failed with status 404: 404 page not found&#34;,&#xA;    }&#xA;occurred&#xA;In [It] at: /Users/anoopgopalakrishnan/workspace/oss/fern/fern-platform/acceptance-go/specs/api/graphql_test.go:495 @ 06/23/25 09:14:33.218&#xA;</failure>
              <system-err>&gt; Enter [BeforeEach] GraphQL API - /Users/anoopgopalakrishnan/workspace/oss/fern/fern-platform/acceptance-go/specs/api/graphql_test.go:22 @ 06/23/25 09:14:33.217&#xA;&lt; Exit [BeforeEach] GraphQL API - /Users/anoopgopalakrishnan/workspace/oss/fern/fern-platform/acceptance-go/specs/api/graphql_test.go:22 @ 06/23/25 09:14:33.217 (0s)&#xA;&gt; Enter [It] should handle invalid variable types - /Users/anoopgopalakrishnan/workspace/oss/fern/fern-platform/acceptance-go/specs/api/graphql_test.go:480 @ 06/23/25 09:14:33.217&#xA;STEP: Executing query with invalid variable type - /Users/anoopgopalakrishnan/workspace/oss/fern/fern-platform/acceptance-go/specs/api/graphql_test.go:493 @ 06/23/25 09:14:33.217&#xA;[FAILED] Unexpected error:&#xA;    &lt;*errors.errorString | 0x14000592d00&gt;: &#xA;    request failed with status 404: 404 page not found&#xA;    {&#xA;        s: &#34;request failed with status 404: 404 page not found&#34;,&#xA;    }&#xA;occurred&#xA;In [It] at: /Users/anoopgopalakrishnan/workspace/oss/fern/fern-platform/acceptance-go/specs/api/graphql_test.go:495 @ 06/23/25 09:14:33.218&#xA;&lt; Exit [It] should handle invalid variable types - /Users/anoopgopalakrishnan/workspace/oss/fern/fern-platform/acceptance-go/specs/api/graphql_test.go:480 @ 06/23/25 09:14:33.218 (1ms)&#xA;</system-err>
          </testcase>
          <testcase name="[It] REST API Endpoints Health Check Endpoint should return healthy status" classname="API Acceptance Test Suite" status="passed" time="0.001280834">
              <system-err>&gt; Enter [BeforeEach] REST API Endpoints - /Users/anoopgopalakrishnan/workspace/oss/fern/fern-platform/acceptance-go/specs/api/rest_endpoints_test.go:22 @ 06/23/25 09:14:33.219&#xA;&lt; Exit [BeforeEach] REST API Endpoints - /Users/anoopgopalakrishnan/workspace/oss/fern/fern-platform/acceptance-go/specs/api/rest_endpoints_test.go:22 @ 06/23/25 09:14:33.219 (0s)&#xA;&gt; Enter [It] should return healthy status - /Users/anoopgopalakrishnan/workspace/oss/fern/fern-platform/acceptance-go/specs/api/rest_endpoints_test.go:29 @ 06/23/25 09:14:33.219&#xA;STEP: Checking health endpoint - /Users/anoopgopalakrishnan/workspace/oss/fern/fern-platform/acceptance-go/specs/api/rest_endpoints_test.go:30 @ 06/23/25 09:14:33.219&#xA;&lt; Exit [It] should return healthy status - /Users/anoopgopalakrishnan/workspace/oss/fern/fern-platform/acceptance-go/specs/api/rest_endpoints_test.go:29 @ 06/23/25 09:14:33.22 (1ms)&#xA;</system-err>
          </testcase>
          <testcase name="[It] REST API Endpoints Test Runs API should retrieve test runs with default parameters" classname="API Acceptance Test Suite" status="failed" time="0.006449458">
              <failure message="Unexpected error:&#xA;    &lt;*fmt.wrapError | 0x1400029a5e0&gt;: &#xA;    failed to decode response: json: cannot unmarshal number into Go struct field TestRun.data.id of type string&#xA;    {&#xA;        msg: &#34;failed to decode response: json: cannot unmarshal number into Go struct field TestRun.data.id of type string&#34;,&#xA;        err: &lt;*json.UnmarshalTypeError | 0x140002726e0&gt;{&#xA;            Value: &#34;number&#34;,&#xA;            Type: &lt;*reflect.rtype | 0x1060c9180&gt;{&#xA;                t: {Size_: 0x10, PtrBytes: 0x8, Hash: 2425858147, TFlag: 7, Align_: 8, FieldAlign_: 8, Kind_: 24, Equal: 0x104bd9e70, GCData: 1, Str: 24270, PtrToThis: 613312},&#xA;            },&#xA;            Offset: 16,&#xA;            Struct: &#34;TestRun&#34;,&#xA;            Field: &#34;data.id&#34;,&#xA;        },&#xA;    }&#xA;occurred" type="failed">[FAILED] Unexpected error:&#xA;    &lt;*fmt.wrapError | 0x1400029a5e0&gt;: &#xA;    failed to decode response: json: cannot unmarshal number into Go struct field TestRun.data.id of type string&#xA;    {&#xA;        msg: &#34;failed to decode response: json: cannot unmarshal number into Go struct field TestRun.data.id of type string&#34;,&#xA;        err: &lt;*json.UnmarshalTypeError | 0x140002726e0&gt;{&#xA;            Value: &#34;number&#34;,&#xA;            Type: &lt;*reflect.rtype | 0x1060c9180&gt;{&#xA;                t: {Size_: 0x10, PtrBytes: 0x8, Hash: 2425858147, TFlag: 7, Align_: 8, FieldAlign_: 8, Kind_: 24, Equal: 0x104bd9e70, GCData: 1, Str: 24270, PtrToThis: 613312},&#xA;            },&#xA;            Offset: 16,&#xA;            Struct: &#34;TestRun&#34;,&#xA;            Field: &#34;data.id&#34;,&#xA;        },&#xA;    }&#xA;occurred&#xA;In [It] at: /Users/anoopgopalakrishnan/workspace/oss/fern/fern-platform/acceptance-go/specs/api/rest_endpoints_test.go:52 @ 06/23/25 09:14:33.226&#xA;</failure>
              <system-err>&gt; Enter [BeforeEach] REST API Endpoints - /Users/anoopgopalakrishnan/workspace/oss/fern/fern-platform/acceptance-go/specs/api/rest_endpoints_test.go:22 @ 06/23/25 09:14:33.22&#xA;&lt; Exit [BeforeEach] REST API Endpoints - /Users/anoopgopalakrishnan/workspace/oss/fern/fern-platform/acceptance-go/specs/api/rest_endpoints_test.go:22 @ 06/23/25 09:14:33.22 (0s)&#xA;&gt; Enter [It] should retrieve test runs with default parameters - /Users/anoopgopalakrishnan/workspace/oss/fern/fern-platform/acceptance-go/specs/api/rest_endpoints_test.go:48 @ 06/23/25 09:14:33.22&#xA;STEP: Fetching test runs with default parameters - /Users/anoopgopalakrishnan/workspace/oss/fern/fern-platform/acceptance-go/specs/api/rest_endpoints_test.go:49 @ 06/23/25 09:14:33.22&#xA;[FAILED] Unexpected error:&#xA;    &lt;*fmt.wrapError | 0x1400029a5e0&gt;: &#xA;    failed to decode response: json: cannot unmarshal number into Go struct field TestRun.data.id of type string&#xA;    {&#xA;        msg: &#34;failed to decode response: json: cannot unmarshal number into Go struct field TestRun.data.id of type string&#34;,&#xA;        err: &lt;*json.UnmarshalTypeError | 0x140002726e0&gt;{&#xA;            Value: &#34;number&#34;,&#xA;            Type: &lt;*reflect.rtype | 0x1060c9180&gt;{&#xA;                t: {Size_: 0x10, PtrBytes: 0x8, Hash: 2425858147, TFlag: 7, Align_: 8, FieldAlign_: 8, Kind_: 24, Equal: 0x104bd9e70, GCData: 1, Str: 24270, PtrToThis: 613312},&#xA;            },&#xA;            Offset: 16,&#xA;            Struct: &#34;TestRun&#34;,&#xA;            Field: &#34;data.id&#34;,&#xA;        },&#xA;    }&#xA;occurred&#xA;In [It] at: /Users/anoopgopalakrishnan/workspace/oss/fern/fern-platform/acceptance-go/specs/api/rest_endpoints_test.go:52 @ 06/23/25 09:14:33.226&#xA;&lt; Exit [It] should retrieve test runs with default parameters - /Users/anoopgopalakrishnan/workspace/oss/fern/fern-platform/acceptance-go/specs/api/rest_endpoints_test.go:48 @ 06/23/25 09:14:33.226 (6ms)&#xA;</system-err>
          </testcase>
          <testcase name="[It] REST API Endpoints Test Runs API should return proper response structure" classname="API Acceptance Test Suite" status="failed" time="0.006562834">
              <failure message="Unexpected error:&#xA;    &lt;*fmt.wrapError | 0x1400058e1e0&gt;: &#xA;    failed to decode response: json: cannot unmarshal number into Go struct field TestRun.data.id of type string&#xA;    {&#xA;        msg: &#34;failed to decode response: json: cannot unmarshal number into Go struct field TestRun.data.id of type string&#34;,&#xA;        err: &lt;*json.UnmarshalTypeError | 0x14000176730&gt;{&#xA;            Value: &#34;number&#34;,&#xA;            Type: &lt;*reflect.rtype | 0x1060c9180&gt;{&#xA;                t: {Size_: 0x10, PtrBytes: 0x8, Hash: 2425858147, TFlag: 7, Align_: 8, FieldAlign_: 8, Kind_: 24, Equal: 0x104bd9e70, GCData: 1, Str: 24270, PtrToThis: 613312},&#xA;            },&#xA;            Offset: 16,&#xA;            Struct: &#34;TestRun&#34;,&#xA;            Field: &#34;data.id&#34;,&#xA;        },&#xA;    }&#xA;occurred" type="failed">[FAILED] Unexpected error:&#xA;    &lt;*fmt.wrapError | 0x1400058e1e0&gt;: &#xA;    failed to decode response: json: cannot unmarshal number into Go struct field TestRun.data.id of type string&#xA;    {&#xA;        msg: &#34;failed to decode response: json: cannot unmarshal number into Go struct field TestRun.data.id of type string&#34;,&#xA;        err: &lt;*json.UnmarshalTypeError | 0x14000176730&gt;{&#xA;            Value: &#34;number&#34;,&#xA;            Type: &lt;*reflect.rtype | 0x1060c9180&gt;{&#xA;                t: {Size_: 0x10, PtrBytes: 0x8, Hash: 2425858147, TFlag: 7, Align_: 8, FieldAlign_: 8, Kind_: 24, Equal: 0x104bd9e70, GCData: 1, Str: 24270, PtrToThis: 613312},&#xA;            },&#xA;            Offset: 16,&#xA;            Struct: &#34;TestRun&#34;,&#xA;            Field: &#34;data.id&#34;,&#xA;        },&#xA;    }&#xA;occurred&#xA;In [It] at: /Users/anoopgopalakrishnan/workspace/oss/fern/fern-platform/acceptance-go/specs/api/rest_endpoints_test.go:163 @ 06/23/25 09:14:33.233&#xA;</failure>
              <system-err>&gt; Enter [BeforeEach] REST API Endpoints - /Users/anoopgopalakrishnan/workspace/oss/fern/fern-platform/acceptance-go/specs/api/rest_endpoints_test.go:22 @ 06/23/25 09:14:33.227&#xA;&lt; Exit [BeforeEach] REST API Endpoints - /Users/anoopgopalakrishnan/workspace/oss/fern/fern-platform/acceptance-go/specs/api/rest_endpoints_test.go:22 @ 06/23/25 09:14:33.227 (0s)&#xA;&gt; Enter [It] should return proper response structure - /Users/anoopgopalakrishnan/workspace/oss/fern/fern-platform/acceptance-go/specs/api/rest_endpoints_test.go:159 @ 06/23/25 09:14:33.227&#xA;STEP: Verifying test run response structure - /Users/anoopgopalakrishnan/workspace/oss/fern/fern-platform/acceptance-go/specs/api/rest_endpoints_test.go:160 @ 06/23/25 09:14:33.227&#xA;[FAILED] Unexpected error:&#xA;    &lt;*fmt.wrapError | 0x1400058e1e0&gt;: &#xA;    failed to decode response: json: cannot unmarshal number into Go struct field TestRun.data.id of type string&#xA;    {&#xA;        msg: &#34;failed to decode response: json: cannot unmarshal number into Go struct field TestRun.data.id of type string&#34;,&#xA;        err: &lt;*json.UnmarshalTypeError | 0x14000176730&gt;{&#xA;            Value: &#34;number&#34;,&#xA;            Type: &lt;*reflect.rtype | 0x1060c9180&gt;{&#xA;                t: {Size_: 0x10, PtrBytes: 0x8, Hash: 2425858147, TFlag: 7, Align_: 8, FieldAlign_: 8, Kind_: 24, Equal: 0x104bd9e70, GCData: 1, Str: 24270, PtrToThis: 613312},&#xA;            },&#xA;            Offset: 16,&#xA;            Struct: &#34;TestRun&#34;,&#xA;            Field: &#34;data.id&#34;,&#xA;        },&#xA;    }&#xA;occurred&#xA;In [It] at: /Users/anoopgopalakrishnan/workspace/oss/fern/fern-platform/acceptance-go/specs/api/rest_endpoints_test.go:163 @ 06/23/25 09:14:33.233&#xA;&lt; Exit [It] should return proper response structure - /Users/anoopgopalakrishnan/workspace/oss/fern/fern-platform/acceptance-go/specs/api/rest_endpoints_test.go:159 @ 06/23/25 09:14:33.233 (6ms)&#xA;</system-err>
          </testcase>
          <testcase name="[It] REST API Endpoints Performance and Load Testing should handle concurrent requests efficiently" classname="API Acceptance Test Suite" status="failed" time="0.048198208">
              <failure message="Expected&#xA;    &lt;int&gt;: 0&#xA;to equal&#xA;    &lt;int&gt;: 10" type="failed">[FAILED] Expected&#xA;    &lt;int&gt;: 0&#xA;to equal&#xA;    &lt;int&gt;: 10&#xA;In [It] at: /Users/anoopgopalakrishnan/workspace/oss/fern/fern-platform/acceptance-go/specs/api/rest_endpoints_test.go:419 @ 06/23/25 09:14:33.282&#xA;</failure>
              <system-err>&gt; Enter [BeforeEach] REST API Endpoints - /Users/anoopgopalakrishnan/workspace/oss/fern/fern-platform/acceptance-go/specs/api/rest_endpoints_test.go:22 @ 06/23/25 09:14:33.234&#xA;&lt; Exit [BeforeEach] REST API Endpoints - /Users/anoopgopalakrishnan/workspace/oss/fern/fern-platform/acceptance-go/specs/api/rest_endpoints_test.go:22 @ 06/23/25 09:14:33.234 (0s)&#xA;&gt; Enter [It] should handle concurrent requests efficiently - /Users/anoopgopalakrishnan/workspace/oss/fern/fern-platform/acceptance-go/specs/api/rest_endpoints_test.go:380 @ 06/23/25 09:14:33.234&#xA;STEP: Making concurrent API requests - /Users/anoopgopalakrishnan/workspace/oss/fern/fern-platform/acceptance-go/specs/api/rest_endpoints_test.go:381 @ 06/23/25 09:14:33.234&#xA;[FAILED] Expected&#xA;    &lt;int&gt;: 0&#xA;to equal&#xA;    &lt;int&gt;: 10&#xA;In [It] at: /Users/anoopgopalakrishnan/workspace/oss/fern/fern-platform/acceptance-go/specs/api/rest_endpoints_test.go:419 @ 06/23/25 09:14:33.282&#xA;&lt; Exit [It] should handle concurrent requests efficiently - /Users/anoopgopalakrishnan/workspace/oss/fern/fern-platform/acceptance-go/specs/api/rest_endpoints_test.go:380 @ 06/23/25 09:14:33.282 (48ms)&#xA;</system-err>
          </testcase>
          <testcase name="[AfterSuite]" classname="API Acceptance Test Suite" status="passed" time="9.9333e-05">
              <system-out>✅ Test data cleanup completed for namespace: fern-api-test-1750695271-4&#xA;</system-out>
              <system-err>&gt; Enter [AfterSuite] TOP-LEVEL - /Users/anoopgopalakrishnan/workspace/oss/fern/fern-platform/acceptance-go/specs/api/api_suite_test.go:165 @ 06/23/25 09:14:33.282&#xA;STEP: Cleaning up API acceptance test suite - /Users/anoopgopalakrishnan/workspace/oss/fern/fern-platform/acceptance-go/specs/api/api_suite_test.go:166 @ 06/23/25 09:14:33.282&#xA;STEP: Cleaning up test data fixtures - /Users/anoopgopalakrishnan/workspace/oss/fern/fern-platform/acceptance-go/specs/api/api_suite_test.go:172 @ 06/23/25 09:14:33.282&#xA;STEP: ✅ API acceptance test suite cleanup complete - /Users/anoopgopalakrishnan/workspace/oss/fern/fern-platform/acceptance-go/specs/api/api_suite_test.go:189 @ 06/23/25 09:14:33.282&#xA;&lt; Exit [AfterSuite] TOP-LEVEL - /Users/anoopgopalakrishnan/workspace/oss/fern/fern-platform/acceptance-go/specs/api/api_suite_test.go:165 @ 06/23/25 09:14:33.282 (0s)&#xA;</system-err>
          </testcase>
      </testsuite>
  </testsuites>